{"C:\\Software Devolpment Training\\Car Rental Db Express\\src\\index.ts": {"path":"C:\\Software Devolpment Training\\Car Rental Db Express\\src\\index.ts","statementMap":{"0":{"start":{"line":34,"column":0},"end":{"line":34,"column":30}},"1":{"start":{"line":35,"column":0},"end":{"line":35,"column":42}},"2":{"start":{"line":36,"column":0},"end":{"line":36,"column":50}},"3":{"start":{"line":37,"column":0},"end":{"line":37,"column":35}},"4":{"start":{"line":38,"column":0},"end":{"line":38,"column":47}},"5":{"start":{"line":39,"column":0},"end":{"line":39,"column":59}},"6":{"start":{"line":40,"column":0},"end":{"line":40,"column":47}},"7":{"start":{"line":41,"column":0},"end":{"line":41,"column":53}},"8":{"start":{"line":42,"column":0},"end":{"line":42,"column":59}},"9":{"start":{"line":45,"column":21},"end":{"line":65,"column":1}},"10":{"start":{"line":46,"column":13},"end":{"line":46,"column":22}},"11":{"start":{"line":47,"column":1},"end":{"line":47,"column":25}},"12":{"start":{"line":50,"column":1},"end":{"line":50,"column":15}},"13":{"start":{"line":51,"column":1},"end":{"line":51,"column":15}},"14":{"start":{"line":52,"column":1},"end":{"line":52,"column":10}},"15":{"start":{"line":53,"column":1},"end":{"line":53,"column":14}},"16":{"start":{"line":54,"column":1},"end":{"line":54,"column":18}},"17":{"start":{"line":55,"column":1},"end":{"line":55,"column":14}},"18":{"start":{"line":56,"column":1},"end":{"line":56,"column":16}},"19":{"start":{"line":57,"column":1},"end":{"line":57,"column":18}},"20":{"start":{"line":59,"column":1},"end":{"line":61,"column":null}},"21":{"start":{"line":60,"column":8},"end":{"line":60,"column":34}},"22":{"start":{"line":63,"column":1},"end":{"line":63,"column":12}},"23":{"start":{"line":67,"column":12},"end":{"line":67,"column":26}},"24":{"start":{"line":68,"column":0},"end":{"line":68,"column":19}}},"fnMap":{"0":{"name":"(anonymous_1)","decl":{"start":{"line":45,"column":21},"end":{"line":45,"column":24}},"loc":{"start":{"line":45,"column":26},"end":{"line":65,"column":1}}},"1":{"name":"(anonymous_2)","decl":{"start":{"line":59,"column":14},"end":{"line":59,"column":15}},"loc":{"start":{"line":59,"column":27},"end":{"line":61,"column":5}}}},"branchMap":{},"s":{"0":0,"1":0,"2":0,"3":0,"4":0,"5":0,"6":0,"7":0,"8":0,"9":0,"10":0,"11":0,"12":0,"13":0,"14":0,"15":0,"16":0,"17":0,"18":0,"19":0,"20":0,"21":0,"22":0,"23":0,"24":0},"f":{"0":0,"1":0},"b":{}}
,"C:\\Software Devolpment Training\\Car Rental Db Express\\src\\server.ts": {"path":"C:\\Software Devolpment Training\\Car Rental Db Express\\src\\server.ts","statementMap":{"0":{"start":{"line":1,"column":0},"end":{"line":1,"column":26}},"1":{"start":{"line":3,"column":0},"end":{"line":5,"column":null}},"2":{"start":{"line":4,"column":4},"end":{"line":4,"column":62}}},"fnMap":{"0":{"name":"(anonymous_1)","decl":{"start":{"line":3,"column":17},"end":{"line":3,"column":20}},"loc":{"start":{"line":3,"column":22},"end":{"line":5,"column":1}}}},"branchMap":{},"s":{"0":0,"1":0,"2":0},"f":{"0":0},"b":{}}
,"C:\\Software Devolpment Training\\Car Rental Db Express\\src\\auth\\auth.controller.ts": {"path":"C:\\Software Devolpment Training\\Car Rental Db Express\\src\\auth\\auth.controller.ts","statementMap":{"0":{"start":{"line":1,"column":0},"end":{"line":1,"column":30}},"1":{"start":{"line":3,"column":0},"end":{"line":3,"column":301}},"2":{"start":{"line":4,"column":0},"end":{"line":4,"column":31}},"3":{"start":{"line":5,"column":0},"end":{"line":5,"column":45}},"4":{"start":{"line":10,"column":42},"end":{"line":48,"column":1}},"5":{"start":{"line":11,"column":4},"end":{"line":47,"column":5}},"6":{"start":{"line":12,"column":25},"end":{"line":12,"column":33}},"7":{"start":{"line":13,"column":25},"end":{"line":13,"column":42}},"8":{"start":{"line":14,"column":31},"end":{"line":14,"column":66}},"9":{"start":{"line":15,"column":8},"end":{"line":15,"column":43}},"10":{"start":{"line":18,"column":33},"end":{"line":18,"column":87}},"11":{"start":{"line":19,"column":8},"end":{"line":19,"column":53}},"12":{"start":{"line":20,"column":8},"end":{"line":20,"column":36}},"13":{"start":{"line":22,"column":27},"end":{"line":22,"column":64}},"14":{"start":{"line":23,"column":8},"end":{"line":23,"column":null}},"15":{"start":{"line":23,"column":25},"end":{"line":23,"column":null}},"16":{"start":{"line":25,"column":8},"end":{"line":38,"column":9}},"17":{"start":{"line":26,"column":12},"end":{"line":35,"column":14}},"18":{"start":{"line":37,"column":12},"end":{"line":37,"column":76}},"19":{"start":{"line":39,"column":8},"end":{"line":39,"column":null}},"20":{"start":{"line":46,"column":8},"end":{"line":46,"column":62}},"21":{"start":{"line":10,"column":13},"end":{"line":10,"column":42}},"22":{"start":{"line":50,"column":40},"end":{"line":86,"column":1}},"23":{"start":{"line":51,"column":28},"end":{"line":51,"column":36}},"24":{"start":{"line":52,"column":4},"end":{"line":85,"column":5}},"25":{"start":{"line":53,"column":25},"end":{"line":53,"column":63}},"26":{"start":{"line":54,"column":8},"end":{"line":56,"column":9}},"27":{"start":{"line":55,"column":12},"end":{"line":55,"column":75}},"28":{"start":{"line":58,"column":8},"end":{"line":81,"column":9}},"29":{"start":{"line":59,"column":12},"end":{"line":59,"column":47}},"30":{"start":{"line":62,"column":12},"end":{"line":77,"column":13}},"31":{"start":{"line":63,"column":16},"end":{"line":72,"column":null}},"32":{"start":{"line":75,"column":16},"end":{"line":75,"column":83}},"33":{"start":{"line":78,"column":12},"end":{"line":78,"column":83}},"34":{"start":{"line":80,"column":12},"end":{"line":80,"column":82}},"35":{"start":{"line":83,"column":8},"end":{"line":83,"column":62}},"36":{"start":{"line":50,"column":13},"end":{"line":50,"column":40}},"37":{"start":{"line":154,"column":39},"end":{"line":214,"column":1}},"38":{"start":{"line":155,"column":4},"end":{"line":213,"column":5}},"39":{"start":{"line":156,"column":36},"end":{"line":156,"column":68}},"40":{"start":{"line":158,"column":9},"end":{"line":160,"column":9}},"41":{"start":{"line":159,"column":12},"end":{"line":159,"column":106}},"42":{"start":{"line":161,"column":8},"end":{"line":163,"column":9}},"43":{"start":{"line":162,"column":12},"end":{"line":162,"column":109}},"44":{"start":{"line":165,"column":30},"end":{"line":165,"column":77}},"45":{"start":{"line":167,"column":8},"end":{"line":169,"column":9}},"46":{"start":{"line":168,"column":12},"end":{"line":168,"column":76}},"47":{"start":{"line":171,"column":26},"end":{"line":171,"column":90}},"48":{"start":{"line":173,"column":8},"end":{"line":175,"column":9}},"49":{"start":{"line":174,"column":12},"end":{"line":174,"column":76}},"50":{"start":{"line":178,"column":23},"end":{"line":178,"column":45}},"51":{"start":{"line":181,"column":8},"end":{"line":184,"column":9}},"52":{"start":{"line":182,"column":12},"end":{"line":182,"column":93}},"53":{"start":{"line":183,"column":12},"end":{"line":183,"column":108}},"54":{"start":{"line":187,"column":24},"end":{"line":194,"column":10}},"55":{"start":{"line":196,"column":22},"end":{"line":196,"column":47}},"56":{"start":{"line":198,"column":8},"end":{"line":208,"column":11}},"57":{"start":{"line":211,"column":8},"end":{"line":211,"column":45}},"58":{"start":{"line":212,"column":8},"end":{"line":212,"column":95}},"59":{"start":{"line":154,"column":13},"end":{"line":154,"column":39}},"60":{"start":{"line":216,"column":56},"end":{"line":234,"column":1}},"61":{"start":{"line":217,"column":4},"end":{"line":233,"column":5}},"62":{"start":{"line":218,"column":19},"end":{"line":218,"column":42}},"63":{"start":{"line":219,"column":8},"end":{"line":221,"column":9}},"64":{"start":{"line":220,"column":12},"end":{"line":220,"column":86}},"65":{"start":{"line":223,"column":29},"end":{"line":223,"column":80}},"66":{"start":{"line":225,"column":8},"end":{"line":227,"column":9}},"67":{"start":{"line":226,"column":12},"end":{"line":226,"column":76}},"68":{"start":{"line":229,"column":8},"end":{"line":229,"column":60}},"69":{"start":{"line":231,"column":8},"end":{"line":231,"column":90}},"70":{"start":{"line":232,"column":8},"end":{"line":232,"column":62}},"71":{"start":{"line":216,"column":13},"end":{"line":216,"column":56}},"72":{"start":{"line":236,"column":60},"end":{"line":249,"column":1}},"73":{"start":{"line":237,"column":4},"end":{"line":248,"column":5}},"74":{"start":{"line":238,"column":30},"end":{"line":238,"column":83}},"75":{"start":{"line":240,"column":8},"end":{"line":242,"column":9}},"76":{"start":{"line":241,"column":12},"end":{"line":241,"column":103}},"77":{"start":{"line":244,"column":8},"end":{"line":244,"column":61}},"78":{"start":{"line":246,"column":8},"end":{"line":246,"column":89}},"79":{"start":{"line":247,"column":8},"end":{"line":247,"column":62}},"80":{"start":{"line":236,"column":13},"end":{"line":236,"column":60}},"81":{"start":{"line":251,"column":37},"end":{"line":262,"column":1}},"82":{"start":{"line":252,"column":4},"end":{"line":261,"column":5}},"83":{"start":{"line":253,"column":26},"end":{"line":253,"column":52}},"84":{"start":{"line":254,"column":8},"end":{"line":256,"column":9}},"85":{"start":{"line":255,"column":12},"end":{"line":255,"column":75}},"86":{"start":{"line":257,"column":8},"end":{"line":257,"column":57}},"87":{"start":{"line":260,"column":8},"end":{"line":260,"column":62}},"88":{"start":{"line":251,"column":13},"end":{"line":251,"column":37}},"89":{"start":{"line":265,"column":41},"end":{"line":281,"column":1}},"90":{"start":{"line":266,"column":4},"end":{"line":280,"column":5}},"91":{"start":{"line":267,"column":19},"end":{"line":267,"column":42}},"92":{"start":{"line":268,"column":8},"end":{"line":270,"column":9}},"93":{"start":{"line":269,"column":12},"end":{"line":269,"column":67}},"94":{"start":{"line":272,"column":25},"end":{"line":272,"column":57}},"95":{"start":{"line":273,"column":8},"end":{"line":275,"column":9}},"96":{"start":{"line":274,"column":12},"end":{"line":274,"column":75}},"97":{"start":{"line":276,"column":8},"end":{"line":276,"column":56}},"98":{"start":{"line":279,"column":8},"end":{"line":279,"column":62}},"99":{"start":{"line":265,"column":13},"end":{"line":265,"column":41}},"100":{"start":{"line":284,"column":40},"end":{"line":313,"column":1}},"101":{"start":{"line":285,"column":4},"end":{"line":312,"column":5}},"102":{"start":{"line":286,"column":19},"end":{"line":286,"column":42}},"103":{"start":{"line":287,"column":8},"end":{"line":289,"column":9}},"104":{"start":{"line":288,"column":12},"end":{"line":288,"column":67}},"105":{"start":{"line":291,"column":25},"end":{"line":291,"column":33}},"106":{"start":{"line":295,"column":8},"end":{"line":297,"column":9}},"107":{"start":{"line":296,"column":12},"end":{"line":296,"column":58}},"108":{"start":{"line":299,"column":33},"end":{"line":299,"column":65}},"109":{"start":{"line":300,"column":8},"end":{"line":302,"column":9}},"110":{"start":{"line":301,"column":12},"end":{"line":301,"column":75}},"111":{"start":{"line":304,"column":32},"end":{"line":304,"column":73}},"112":{"start":{"line":305,"column":8},"end":{"line":307,"column":9}},"113":{"start":{"line":306,"column":12},"end":{"line":306,"column":77}},"114":{"start":{"line":308,"column":8},"end":{"line":308,"column":82}},"115":{"start":{"line":311,"column":8},"end":{"line":311,"column":62}},"116":{"start":{"line":284,"column":13},"end":{"line":284,"column":40}},"117":{"start":{"line":317,"column":40},"end":{"line":338,"column":1}},"118":{"start":{"line":318,"column":4},"end":{"line":337,"column":5}},"119":{"start":{"line":319,"column":19},"end":{"line":319,"column":42}},"120":{"start":{"line":320,"column":8},"end":{"line":322,"column":9}},"121":{"start":{"line":321,"column":12},"end":{"line":321,"column":67}},"122":{"start":{"line":324,"column":33},"end":{"line":324,"column":65}},"123":{"start":{"line":325,"column":8},"end":{"line":327,"column":9}},"124":{"start":{"line":326,"column":12},"end":{"line":326,"column":75}},"125":{"start":{"line":329,"column":24},"end":{"line":329,"column":55}},"126":{"start":{"line":330,"column":8},"end":{"line":332,"column":9}},"127":{"start":{"line":331,"column":12},"end":{"line":331,"column":77}},"128":{"start":{"line":334,"column":8},"end":{"line":334,"column":82}},"129":{"start":{"line":336,"column":8},"end":{"line":336,"column":62}},"130":{"start":{"line":317,"column":13},"end":{"line":317,"column":40}}},"fnMap":{"0":{"name":"(anonymous_1)","decl":{"start":{"line":10,"column":42},"end":{"line":10,"column":47}},"loc":{"start":{"line":10,"column":80},"end":{"line":48,"column":1}}},"1":{"name":"(anonymous_2)","decl":{"start":{"line":50,"column":40},"end":{"line":50,"column":45}},"loc":{"start":{"line":50,"column":78},"end":{"line":86,"column":1}}},"2":{"name":"(anonymous_3)","decl":{"start":{"line":154,"column":39},"end":{"line":154,"column":44}},"loc":{"start":{"line":154,"column":77},"end":{"line":214,"column":1}}},"3":{"name":"(anonymous_4)","decl":{"start":{"line":216,"column":56},"end":{"line":216,"column":61}},"loc":{"start":{"line":216,"column":94},"end":{"line":234,"column":1}}},"4":{"name":"(anonymous_5)","decl":{"start":{"line":236,"column":60},"end":{"line":236,"column":65}},"loc":{"start":{"line":236,"column":98},"end":{"line":249,"column":1}}},"5":{"name":"(anonymous_6)","decl":{"start":{"line":251,"column":37},"end":{"line":251,"column":42}},"loc":{"start":{"line":251,"column":75},"end":{"line":262,"column":1}}},"6":{"name":"(anonymous_7)","decl":{"start":{"line":265,"column":41},"end":{"line":265,"column":46}},"loc":{"start":{"line":265,"column":79},"end":{"line":281,"column":1}}},"7":{"name":"(anonymous_8)","decl":{"start":{"line":284,"column":40},"end":{"line":284,"column":45}},"loc":{"start":{"line":284,"column":78},"end":{"line":313,"column":1}}},"8":{"name":"(anonymous_9)","decl":{"start":{"line":317,"column":40},"end":{"line":317,"column":45}},"loc":{"start":{"line":317,"column":78},"end":{"line":338,"column":1}}}},"branchMap":{"0":{"loc":{"start":{"line":23,"column":8},"end":{"line":23,"column":null}},"type":"if","locations":[{"start":{"line":23,"column":8},"end":{"line":23,"column":null}}]},"1":{"loc":{"start":{"line":54,"column":8},"end":{"line":56,"column":9}},"type":"if","locations":[{"start":{"line":54,"column":8},"end":{"line":56,"column":9}}]},"2":{"loc":{"start":{"line":58,"column":8},"end":{"line":81,"column":9}},"type":"if","locations":[{"start":{"line":58,"column":8},"end":{"line":81,"column":9}},{"start":{"line":79,"column":15},"end":{"line":81,"column":9}}]},"3":{"loc":{"start":{"line":158,"column":9},"end":{"line":160,"column":9}},"type":"if","locations":[{"start":{"line":158,"column":9},"end":{"line":160,"column":9}}]},"4":{"loc":{"start":{"line":158,"column":13},"end":{"line":158,"column":71}},"type":"binary-expr","locations":[{"start":{"line":158,"column":13},"end":{"line":158,"column":19}},{"start":{"line":158,"column":23},"end":{"line":158,"column":48}},{"start":{"line":158,"column":52},"end":{"line":158,"column":71}}]},"5":{"loc":{"start":{"line":161,"column":8},"end":{"line":163,"column":9}},"type":"if","locations":[{"start":{"line":161,"column":8},"end":{"line":163,"column":9}}]},"6":{"loc":{"start":{"line":161,"column":12},"end":{"line":161,"column":78}},"type":"binary-expr","locations":[{"start":{"line":161,"column":12},"end":{"line":161,"column":21}},{"start":{"line":161,"column":25},"end":{"line":161,"column":53}},{"start":{"line":161,"column":57},"end":{"line":161,"column":78}}]},"7":{"loc":{"start":{"line":167,"column":8},"end":{"line":169,"column":9}},"type":"if","locations":[{"start":{"line":167,"column":8},"end":{"line":169,"column":9}}]},"8":{"loc":{"start":{"line":173,"column":8},"end":{"line":175,"column":9}},"type":"if","locations":[{"start":{"line":173,"column":8},"end":{"line":175,"column":9}}]},"9":{"loc":{"start":{"line":181,"column":8},"end":{"line":184,"column":9}},"type":"if","locations":[{"start":{"line":181,"column":8},"end":{"line":184,"column":9}}]},"10":{"loc":{"start":{"line":219,"column":8},"end":{"line":221,"column":9}},"type":"if","locations":[{"start":{"line":219,"column":8},"end":{"line":221,"column":9}}]},"11":{"loc":{"start":{"line":225,"column":8},"end":{"line":227,"column":9}},"type":"if","locations":[{"start":{"line":225,"column":8},"end":{"line":227,"column":9}}]},"12":{"loc":{"start":{"line":240,"column":8},"end":{"line":242,"column":9}},"type":"if","locations":[{"start":{"line":240,"column":8},"end":{"line":242,"column":9}}]},"13":{"loc":{"start":{"line":240,"column":12},"end":{"line":240,"column":56}},"type":"binary-expr","locations":[{"start":{"line":240,"column":12},"end":{"line":240,"column":26}},{"start":{"line":240,"column":30},"end":{"line":240,"column":56}}]},"14":{"loc":{"start":{"line":254,"column":8},"end":{"line":256,"column":9}},"type":"if","locations":[{"start":{"line":254,"column":8},"end":{"line":256,"column":9}}]},"15":{"loc":{"start":{"line":254,"column":12},"end":{"line":254,"column":48}},"type":"binary-expr","locations":[{"start":{"line":254,"column":12},"end":{"line":254,"column":22}},{"start":{"line":254,"column":26},"end":{"line":254,"column":48}}]},"16":{"loc":{"start":{"line":268,"column":8},"end":{"line":270,"column":9}},"type":"if","locations":[{"start":{"line":268,"column":8},"end":{"line":270,"column":9}}]},"17":{"loc":{"start":{"line":273,"column":8},"end":{"line":275,"column":9}},"type":"if","locations":[{"start":{"line":273,"column":8},"end":{"line":275,"column":9}}]},"18":{"loc":{"start":{"line":287,"column":8},"end":{"line":289,"column":9}},"type":"if","locations":[{"start":{"line":287,"column":8},"end":{"line":289,"column":9}}]},"19":{"loc":{"start":{"line":295,"column":8},"end":{"line":297,"column":9}},"type":"if","locations":[{"start":{"line":295,"column":8},"end":{"line":297,"column":9}}]},"20":{"loc":{"start":{"line":300,"column":8},"end":{"line":302,"column":9}},"type":"if","locations":[{"start":{"line":300,"column":8},"end":{"line":302,"column":9}}]},"21":{"loc":{"start":{"line":305,"column":8},"end":{"line":307,"column":9}},"type":"if","locations":[{"start":{"line":305,"column":8},"end":{"line":307,"column":9}}]},"22":{"loc":{"start":{"line":320,"column":8},"end":{"line":322,"column":9}},"type":"if","locations":[{"start":{"line":320,"column":8},"end":{"line":322,"column":9}}]},"23":{"loc":{"start":{"line":325,"column":8},"end":{"line":327,"column":9}},"type":"if","locations":[{"start":{"line":325,"column":8},"end":{"line":327,"column":9}}]},"24":{"loc":{"start":{"line":330,"column":8},"end":{"line":332,"column":9}},"type":"if","locations":[{"start":{"line":330,"column":8},"end":{"line":332,"column":9}}]}},"s":{"0":0,"1":0,"2":0,"3":0,"4":0,"5":0,"6":0,"7":0,"8":0,"9":0,"10":0,"11":0,"12":0,"13":0,"14":0,"15":0,"16":0,"17":0,"18":0,"19":0,"20":0,"21":0,"22":0,"23":0,"24":0,"25":0,"26":0,"27":0,"28":0,"29":0,"30":0,"31":0,"32":0,"33":0,"34":0,"35":0,"36":0,"37":0,"38":0,"39":0,"40":0,"41":0,"42":0,"43":0,"44":0,"45":0,"46":0,"47":0,"48":0,"49":0,"50":0,"51":0,"52":0,"53":0,"54":0,"55":0,"56":0,"57":0,"58":0,"59":0,"60":0,"61":0,"62":0,"63":0,"64":0,"65":0,"66":0,"67":0,"68":0,"69":0,"70":0,"71":0,"72":0,"73":0,"74":0,"75":0,"76":0,"77":0,"78":0,"79":0,"80":0,"81":0,"82":0,"83":0,"84":0,"85":0,"86":0,"87":0,"88":0,"89":0,"90":0,"91":0,"92":0,"93":0,"94":0,"95":0,"96":0,"97":0,"98":0,"99":0,"100":0,"101":0,"102":0,"103":0,"104":0,"105":0,"106":0,"107":0,"108":0,"109":0,"110":0,"111":0,"112":0,"113":0,"114":0,"115":0,"116":0,"117":0,"118":0,"119":0,"120":0,"121":0,"122":0,"123":0,"124":0,"125":0,"126":0,"127":0,"128":0,"129":0,"130":0},"f":{"0":0,"1":0,"2":0,"3":0,"4":0,"5":0,"6":0,"7":0,"8":0},"b":{"0":[0],"1":[0],"2":[0,0],"3":[0],"4":[0,0,0],"5":[0],"6":[0,0,0],"7":[0],"8":[0],"9":[0],"10":[0],"11":[0],"12":[0],"13":[0,0],"14":[0],"15":[0,0],"16":[0],"17":[0],"18":[0],"19":[0],"20":[0],"21":[0],"22":[0],"23":[0],"24":[0]}}
,"C:\\Software Devolpment Training\\Car Rental Db Express\\src\\auth\\auth.router.ts": {"path":"C:\\Software Devolpment Training\\Car Rental Db Express\\src\\auth\\auth.router.ts","statementMap":{"0":{"start":{"line":2,"column":0},"end":{"line":2,"column":300}},"1":{"start":{"line":4,"column":17},"end":{"line":97,"column":1}},"2":{"start":{"line":6,"column":4},"end":{"line":14,"column":null}},"3":{"start":{"line":8,"column":12},"end":{"line":12,"column":13}},"4":{"start":{"line":9,"column":16},"end":{"line":9,"column":59}},"5":{"start":{"line":11,"column":16},"end":{"line":11,"column":28}},"6":{"start":{"line":16,"column":4},"end":{"line":24,"column":null}},"7":{"start":{"line":18,"column":12},"end":{"line":22,"column":13}},"8":{"start":{"line":19,"column":16},"end":{"line":19,"column":null}},"9":{"start":{"line":21,"column":16},"end":{"line":21,"column":null}},"10":{"start":{"line":26,"column":4},"end":{"line":34,"column":null}},"11":{"start":{"line":28,"column":12},"end":{"line":32,"column":13}},"12":{"start":{"line":29,"column":16},"end":{"line":29,"column":56}},"13":{"start":{"line":31,"column":16},"end":{"line":31,"column":28}},"14":{"start":{"line":35,"column":4},"end":{"line":43,"column":null}},"15":{"start":{"line":37,"column":12},"end":{"line":41,"column":13}},"16":{"start":{"line":38,"column":16},"end":{"line":38,"column":73}},"17":{"start":{"line":40,"column":16},"end":{"line":40,"column":28}},"18":{"start":{"line":45,"column":4},"end":{"line":53,"column":null}},"19":{"start":{"line":47,"column":12},"end":{"line":51,"column":13}},"20":{"start":{"line":48,"column":16},"end":{"line":48,"column":77}},"21":{"start":{"line":50,"column":16},"end":{"line":50,"column":28}},"22":{"start":{"line":55,"column":4},"end":{"line":63,"column":null}},"23":{"start":{"line":57,"column":12},"end":{"line":61,"column":13}},"24":{"start":{"line":58,"column":16},"end":{"line":58,"column":54}},"25":{"start":{"line":60,"column":16},"end":{"line":60,"column":28}},"26":{"start":{"line":66,"column":4},"end":{"line":74,"column":null}},"27":{"start":{"line":68,"column":12},"end":{"line":72,"column":13}},"28":{"start":{"line":69,"column":16},"end":{"line":69,"column":58}},"29":{"start":{"line":71,"column":16},"end":{"line":71,"column":28}},"30":{"start":{"line":77,"column":4},"end":{"line":85,"column":null}},"31":{"start":{"line":79,"column":12},"end":{"line":83,"column":13}},"32":{"start":{"line":80,"column":16},"end":{"line":80,"column":57}},"33":{"start":{"line":82,"column":16},"end":{"line":82,"column":28}},"34":{"start":{"line":88,"column":4},"end":{"line":96,"column":null}},"35":{"start":{"line":90,"column":12},"end":{"line":94,"column":13}},"36":{"start":{"line":91,"column":16},"end":{"line":91,"column":57}},"37":{"start":{"line":93,"column":16},"end":{"line":93,"column":28}},"38":{"start":{"line":99,"column":0},"end":{"line":99,"column":24}}},"fnMap":{"0":{"name":"(anonymous_0)","decl":{"start":{"line":4,"column":17},"end":{"line":4,"column":18}},"loc":{"start":{"line":4,"column":34},"end":{"line":97,"column":1}}},"1":{"name":"(anonymous_1)","decl":{"start":{"line":7,"column":8},"end":{"line":7,"column":13}},"loc":{"start":{"line":7,"column":33},"end":{"line":13,"column":9}}},"2":{"name":"(anonymous_2)","decl":{"start":{"line":17,"column":8},"end":{"line":17,"column":13}},"loc":{"start":{"line":17,"column":33},"end":{"line":23,"column":9}}},"3":{"name":"(anonymous_3)","decl":{"start":{"line":27,"column":8},"end":{"line":27,"column":13}},"loc":{"start":{"line":27,"column":33},"end":{"line":33,"column":9}}},"4":{"name":"(anonymous_4)","decl":{"start":{"line":36,"column":8},"end":{"line":36,"column":13}},"loc":{"start":{"line":36,"column":33},"end":{"line":42,"column":9}}},"5":{"name":"(anonymous_5)","decl":{"start":{"line":46,"column":8},"end":{"line":46,"column":13}},"loc":{"start":{"line":46,"column":33},"end":{"line":52,"column":9}}},"6":{"name":"(anonymous_6)","decl":{"start":{"line":56,"column":8},"end":{"line":56,"column":13}},"loc":{"start":{"line":56,"column":33},"end":{"line":62,"column":9}}},"7":{"name":"(anonymous_7)","decl":{"start":{"line":67,"column":8},"end":{"line":67,"column":13}},"loc":{"start":{"line":67,"column":33},"end":{"line":73,"column":9}}},"8":{"name":"(anonymous_8)","decl":{"start":{"line":78,"column":8},"end":{"line":78,"column":13}},"loc":{"start":{"line":78,"column":33},"end":{"line":84,"column":9}}},"9":{"name":"(anonymous_9)","decl":{"start":{"line":89,"column":8},"end":{"line":89,"column":13}},"loc":{"start":{"line":89,"column":33},"end":{"line":95,"column":9}}}},"branchMap":{},"s":{"0":0,"1":0,"2":0,"3":0,"4":0,"5":0,"6":0,"7":0,"8":0,"9":0,"10":0,"11":0,"12":0,"13":0,"14":0,"15":0,"16":0,"17":0,"18":0,"19":0,"20":0,"21":0,"22":0,"23":0,"24":0,"25":0,"26":0,"27":0,"28":0,"29":0,"30":0,"31":0,"32":0,"33":0,"34":0,"35":0,"36":0,"37":0,"38":0},"f":{"0":0,"1":0,"2":0,"3":0,"4":0,"5":0,"6":0,"7":0,"8":0,"9":0},"b":{}}
,"C:\\Software Devolpment Training\\Car Rental Db Express\\src\\auth\\auth.service.ts": {"path":"C:\\Software Devolpment Training\\Car Rental Db Express\\src\\auth\\auth.service.ts","statementMap":{"0":{"start":{"line":1,"column":0},"end":{"line":1,"column":34}},"1":{"start":{"line":2,"column":0},"end":{"line":2,"column":33}},"2":{"start":{"line":3,"column":0},"end":{"line":3,"column":31}},"3":{"start":{"line":4,"column":0},"end":{"line":4,"column":96}},"4":{"start":{"line":7,"column":37},"end":{"line":10,"column":1}},"5":{"start":{"line":8,"column":4},"end":{"line":8,"column":48}},"6":{"start":{"line":9,"column":4},"end":{"line":9,"column":41}},"7":{"start":{"line":7,"column":13},"end":{"line":7,"column":37}},"8":{"start":{"line":12,"column":37},"end":{"line":16,"column":1}},"9":{"start":{"line":13,"column":4},"end":{"line":15,"column":55}},"10":{"start":{"line":12,"column":13},"end":{"line":12,"column":37}},"11":{"start":{"line":33,"column":36},"end":{"line":47,"column":1}},"12":{"start":{"line":34,"column":22},"end":{"line":34,"column":35}},"13":{"start":{"line":36,"column":4},"end":{"line":46,"column":7}},"14":{"start":{"line":33,"column":13},"end":{"line":33,"column":36}},"15":{"start":{"line":49,"column":57},"end":{"line":70,"column":1}},"16":{"start":{"line":50,"column":4},"end":{"line":69,"column":7}},"17":{"start":{"line":49,"column":13},"end":{"line":49,"column":57}},"18":{"start":{"line":73,"column":61},"end":{"line":93,"column":1}},"19":{"start":{"line":74,"column":4},"end":{"line":92,"column":7}},"20":{"start":{"line":73,"column":13},"end":{"line":73,"column":61}},"21":{"start":{"line":95,"column":34},"end":{"line":98,"column":1}},"22":{"start":{"line":96,"column":22},"end":{"line":96,"column":61}},"23":{"start":{"line":97,"column":4},"end":{"line":97,"column":21}},"24":{"start":{"line":95,"column":13},"end":{"line":95,"column":34}},"25":{"start":{"line":101,"column":38},"end":{"line":106,"column":1}},"26":{"start":{"line":102,"column":21},"end":{"line":104,"column":6}},"27":{"start":{"line":105,"column":4},"end":{"line":105,"column":20}},"28":{"start":{"line":101,"column":13},"end":{"line":101,"column":38}},"29":{"start":{"line":108,"column":41},"end":{"line":112,"column":1}},"30":{"start":{"line":109,"column":4},"end":{"line":111,"column":7}},"31":{"start":{"line":108,"column":13},"end":{"line":108,"column":41}},"32":{"start":{"line":115,"column":37},"end":{"line":118,"column":1}},"33":{"start":{"line":116,"column":4},"end":{"line":116,"column":101}},"34":{"start":{"line":117,"column":4},"end":{"line":117,"column":43}},"35":{"start":{"line":115,"column":13},"end":{"line":115,"column":37}},"36":{"start":{"line":121,"column":37},"end":{"line":124,"column":1}},"37":{"start":{"line":122,"column":4},"end":{"line":122,"column":87}},"38":{"start":{"line":123,"column":4},"end":{"line":123,"column":43}},"39":{"start":{"line":121,"column":13},"end":{"line":121,"column":37}}},"fnMap":{"0":{"name":"(anonymous_1)","decl":{"start":{"line":7,"column":37},"end":{"line":7,"column":42}},"loc":{"start":{"line":7,"column":64},"end":{"line":10,"column":1}}},"1":{"name":"(anonymous_2)","decl":{"start":{"line":12,"column":37},"end":{"line":12,"column":42}},"loc":{"start":{"line":12,"column":61},"end":{"line":16,"column":1}}},"2":{"name":"(anonymous_3)","decl":{"start":{"line":33,"column":36},"end":{"line":33,"column":41}},"loc":{"start":{"line":33,"column":82},"end":{"line":47,"column":1}}},"3":{"name":"(anonymous_4)","decl":{"start":{"line":49,"column":57},"end":{"line":49,"column":62}},"loc":{"start":{"line":49,"column":78},"end":{"line":70,"column":1}}},"4":{"name":"(anonymous_5)","decl":{"start":{"line":73,"column":61},"end":{"line":73,"column":66}},"loc":{"start":{"line":73,"column":72},"end":{"line":93,"column":1}}},"5":{"name":"(anonymous_6)","decl":{"start":{"line":95,"column":34},"end":{"line":95,"column":39}},"loc":{"start":{"line":95,"column":45},"end":{"line":98,"column":1}}},"6":{"name":"(anonymous_7)","decl":{"start":{"line":101,"column":38},"end":{"line":101,"column":43}},"loc":{"start":{"line":101,"column":59},"end":{"line":106,"column":1}}},"7":{"name":"(anonymous_8)","decl":{"start":{"line":108,"column":41},"end":{"line":108,"column":46}},"loc":{"start":{"line":108,"column":65},"end":{"line":112,"column":1}}},"8":{"name":"(anonymous_9)","decl":{"start":{"line":115,"column":37},"end":{"line":115,"column":42}},"loc":{"start":{"line":115,"column":80},"end":{"line":118,"column":1}}},"9":{"name":"(anonymous_10)","decl":{"start":{"line":121,"column":37},"end":{"line":121,"column":42}},"loc":{"start":{"line":121,"column":58},"end":{"line":124,"column":1}}}},"branchMap":{},"s":{"0":0,"1":0,"2":0,"3":0,"4":0,"5":0,"6":0,"7":0,"8":0,"9":0,"10":0,"11":0,"12":0,"13":0,"14":0,"15":0,"16":0,"17":0,"18":0,"19":0,"20":0,"21":0,"22":0,"23":0,"24":0,"25":0,"26":0,"27":0,"28":0,"29":0,"30":0,"31":0,"32":0,"33":0,"34":0,"35":0,"36":0,"37":0,"38":0,"39":0},"f":{"0":0,"1":0,"2":0,"3":0,"4":0,"5":0,"6":0,"7":0,"8":0,"9":0},"b":{}}
,"C:\\Software Devolpment Training\\Car Rental Db Express\\src\\booking\\booking.controller.ts": {"path":"C:\\Software Devolpment Training\\Car Rental Db Express\\src\\booking\\booking.controller.ts","statementMap":{"0":{"start":{"line":2,"column":0},"end":{"line":2,"column":170}},"1":{"start":{"line":4,"column":39},"end":{"line":16,"column":1}},"2":{"start":{"line":5,"column":2},"end":{"line":15,"column":3}},"3":{"start":{"line":6,"column":20},"end":{"line":6,"column":28}},"4":{"start":{"line":7,"column":20},"end":{"line":7,"column":55}},"5":{"start":{"line":8,"column":4},"end":{"line":8,"column":70}},"6":{"start":{"line":8,"column":18},"end":{"line":8,"column":70}},"7":{"start":{"line":9,"column":4},"end":{"line":12,"column":3}},"8":{"start":{"line":14,"column":4},"end":{"line":14,"column":58}},"9":{"start":{"line":4,"column":13},"end":{"line":4,"column":39}},"10":{"start":{"line":18,"column":36},"end":{"line":28,"column":1}},"11":{"start":{"line":19,"column":2},"end":{"line":27,"column":3}},"12":{"start":{"line":20,"column":21},"end":{"line":20,"column":46}},"13":{"start":{"line":21,"column":4},"end":{"line":23,"column":5}},"14":{"start":{"line":22,"column":6},"end":{"line":22,"column":68}},"15":{"start":{"line":24,"column":4},"end":{"line":24,"column":52}},"16":{"start":{"line":26,"column":4},"end":{"line":26,"column":58}},"17":{"start":{"line":18,"column":13},"end":{"line":18,"column":36}},"18":{"start":{"line":30,"column":40},"end":{"line":41,"column":1}},"19":{"start":{"line":31,"column":2},"end":{"line":40,"column":3}},"20":{"start":{"line":32,"column":15},"end":{"line":32,"column":38}},"21":{"start":{"line":33,"column":4},"end":{"line":33,"column":74}},"22":{"start":{"line":33,"column":19},"end":{"line":33,"column":74}},"23":{"start":{"line":35,"column":20},"end":{"line":35,"column":51}},"24":{"start":{"line":36,"column":4},"end":{"line":36,"column":80}},"25":{"start":{"line":36,"column":18},"end":{"line":36,"column":80}},"26":{"start":{"line":37,"column":4},"end":{"line":37,"column":51}},"27":{"start":{"line":39,"column":4},"end":{"line":39,"column":58}},"28":{"start":{"line":30,"column":13},"end":{"line":30,"column":40}},"29":{"start":{"line":43,"column":49},"end":{"line":54,"column":1}},"30":{"start":{"line":44,"column":2},"end":{"line":53,"column":3}},"31":{"start":{"line":45,"column":23},"end":{"line":45,"column":54}},"32":{"start":{"line":46,"column":4},"end":{"line":46,"column":82}},"33":{"start":{"line":46,"column":27},"end":{"line":46,"column":82}},"34":{"start":{"line":48,"column":21},"end":{"line":48,"column":70}},"35":{"start":{"line":49,"column":4},"end":{"line":49,"column":81}},"36":{"start":{"line":49,"column":19},"end":{"line":49,"column":81}},"37":{"start":{"line":50,"column":4},"end":{"line":50,"column":52}},"38":{"start":{"line":52,"column":4},"end":{"line":52,"column":58}},"39":{"start":{"line":43,"column":13},"end":{"line":43,"column":49}},"40":{"start":{"line":56,"column":39},"end":{"line":72,"column":1}},"41":{"start":{"line":57,"column":2},"end":{"line":71,"column":3}},"42":{"start":{"line":58,"column":15},"end":{"line":58,"column":38}},"43":{"start":{"line":59,"column":4},"end":{"line":59,"column":74}},"44":{"start":{"line":59,"column":19},"end":{"line":59,"column":74}},"45":{"start":{"line":61,"column":20},"end":{"line":61,"column":28}},"46":{"start":{"line":62,"column":21},"end":{"line":62,"column":52}},"47":{"start":{"line":63,"column":4},"end":{"line":63,"column":81}},"48":{"start":{"line":63,"column":19},"end":{"line":63,"column":81}},"49":{"start":{"line":65,"column":20},"end":{"line":65,"column":59}},"50":{"start":{"line":66,"column":4},"end":{"line":66,"column":82}},"51":{"start":{"line":66,"column":18},"end":{"line":66,"column":82}},"52":{"start":{"line":68,"column":4},"end":{"line":68,"column":77}},"53":{"start":{"line":70,"column":4},"end":{"line":70,"column":58}},"54":{"start":{"line":56,"column":13},"end":{"line":56,"column":39}},"55":{"start":{"line":74,"column":39},"end":{"line":89,"column":1}},"56":{"start":{"line":75,"column":2},"end":{"line":88,"column":3}},"57":{"start":{"line":76,"column":15},"end":{"line":76,"column":38}},"58":{"start":{"line":77,"column":4},"end":{"line":77,"column":74}},"59":{"start":{"line":77,"column":19},"end":{"line":77,"column":74}},"60":{"start":{"line":79,"column":21},"end":{"line":79,"column":52}},"61":{"start":{"line":80,"column":4},"end":{"line":80,"column":81}},"62":{"start":{"line":80,"column":19},"end":{"line":80,"column":81}},"63":{"start":{"line":82,"column":20},"end":{"line":82,"column":50}},"64":{"start":{"line":83,"column":4},"end":{"line":83,"column":82}},"65":{"start":{"line":83,"column":18},"end":{"line":83,"column":82}},"66":{"start":{"line":85,"column":4},"end":{"line":85,"column":77}},"67":{"start":{"line":87,"column":4},"end":{"line":87,"column":58}},"68":{"start":{"line":74,"column":13},"end":{"line":74,"column":39}}},"fnMap":{"0":{"name":"(anonymous_0)","decl":{"start":{"line":4,"column":39},"end":{"line":4,"column":44}},"loc":{"start":{"line":4,"column":77},"end":{"line":16,"column":1}}},"1":{"name":"(anonymous_1)","decl":{"start":{"line":18,"column":36},"end":{"line":18,"column":41}},"loc":{"start":{"line":18,"column":74},"end":{"line":28,"column":1}}},"2":{"name":"(anonymous_2)","decl":{"start":{"line":30,"column":40},"end":{"line":30,"column":45}},"loc":{"start":{"line":30,"column":78},"end":{"line":41,"column":1}}},"3":{"name":"(anonymous_3)","decl":{"start":{"line":43,"column":49},"end":{"line":43,"column":54}},"loc":{"start":{"line":43,"column":87},"end":{"line":54,"column":1}}},"4":{"name":"(anonymous_4)","decl":{"start":{"line":56,"column":39},"end":{"line":56,"column":44}},"loc":{"start":{"line":56,"column":77},"end":{"line":72,"column":1}}},"5":{"name":"(anonymous_5)","decl":{"start":{"line":74,"column":39},"end":{"line":74,"column":44}},"loc":{"start":{"line":74,"column":77},"end":{"line":89,"column":1}}}},"branchMap":{"0":{"loc":{"start":{"line":8,"column":4},"end":{"line":8,"column":70}},"type":"if","locations":[{"start":{"line":8,"column":4},"end":{"line":8,"column":70}}]},"1":{"loc":{"start":{"line":21,"column":4},"end":{"line":23,"column":5}},"type":"if","locations":[{"start":{"line":21,"column":4},"end":{"line":23,"column":5}}]},"2":{"loc":{"start":{"line":21,"column":8},"end":{"line":21,"column":42}},"type":"binary-expr","locations":[{"start":{"line":21,"column":8},"end":{"line":21,"column":17}},{"start":{"line":21,"column":21},"end":{"line":21,"column":42}}]},"3":{"loc":{"start":{"line":33,"column":4},"end":{"line":33,"column":74}},"type":"if","locations":[{"start":{"line":33,"column":4},"end":{"line":33,"column":74}}]},"4":{"loc":{"start":{"line":36,"column":4},"end":{"line":36,"column":80}},"type":"if","locations":[{"start":{"line":36,"column":4},"end":{"line":36,"column":80}}]},"5":{"loc":{"start":{"line":46,"column":4},"end":{"line":46,"column":82}},"type":"if","locations":[{"start":{"line":46,"column":4},"end":{"line":46,"column":82}}]},"6":{"loc":{"start":{"line":49,"column":4},"end":{"line":49,"column":81}},"type":"if","locations":[{"start":{"line":49,"column":4},"end":{"line":49,"column":81}}]},"7":{"loc":{"start":{"line":59,"column":4},"end":{"line":59,"column":74}},"type":"if","locations":[{"start":{"line":59,"column":4},"end":{"line":59,"column":74}}]},"8":{"loc":{"start":{"line":63,"column":4},"end":{"line":63,"column":81}},"type":"if","locations":[{"start":{"line":63,"column":4},"end":{"line":63,"column":81}}]},"9":{"loc":{"start":{"line":66,"column":4},"end":{"line":66,"column":82}},"type":"if","locations":[{"start":{"line":66,"column":4},"end":{"line":66,"column":82}}]},"10":{"loc":{"start":{"line":77,"column":4},"end":{"line":77,"column":74}},"type":"if","locations":[{"start":{"line":77,"column":4},"end":{"line":77,"column":74}}]},"11":{"loc":{"start":{"line":80,"column":4},"end":{"line":80,"column":81}},"type":"if","locations":[{"start":{"line":80,"column":4},"end":{"line":80,"column":81}}]},"12":{"loc":{"start":{"line":83,"column":4},"end":{"line":83,"column":82}},"type":"if","locations":[{"start":{"line":83,"column":4},"end":{"line":83,"column":82}}]}},"s":{"0":0,"1":0,"2":0,"3":0,"4":0,"5":0,"6":0,"7":0,"8":0,"9":0,"10":0,"11":0,"12":0,"13":0,"14":0,"15":0,"16":0,"17":0,"18":0,"19":0,"20":0,"21":0,"22":0,"23":0,"24":0,"25":0,"26":0,"27":0,"28":0,"29":0,"30":0,"31":0,"32":0,"33":0,"34":0,"35":0,"36":0,"37":0,"38":0,"39":0,"40":0,"41":0,"42":0,"43":0,"44":0,"45":0,"46":0,"47":0,"48":0,"49":0,"50":0,"51":0,"52":0,"53":0,"54":0,"55":0,"56":0,"57":0,"58":0,"59":0,"60":0,"61":0,"62":0,"63":0,"64":0,"65":0,"66":0,"67":0,"68":0},"f":{"0":0,"1":0,"2":0,"3":0,"4":0,"5":0},"b":{"0":[0],"1":[0],"2":[0,0],"3":[0],"4":[0],"5":[0],"6":[0],"7":[0],"8":[0],"9":[0],"10":[0],"11":[0],"12":[0]}}
,"C:\\Software Devolpment Training\\Car Rental Db Express\\src\\booking\\booking.router.ts": {"path":"C:\\Software Devolpment Training\\Car Rental Db Express\\src\\booking\\booking.router.ts","statementMap":{"0":{"start":{"line":2,"column":0},"end":{"line":2,"column":194}},"1":{"start":{"line":3,"column":0},"end":{"line":3,"column":86}},"2":{"start":{"line":5,"column":16},"end":{"line":71,"column":1}},"3":{"start":{"line":6,"column":2},"end":{"line":15,"column":4}},"4":{"start":{"line":9,"column":6},"end":{"line":13,"column":7}},"5":{"start":{"line":10,"column":8},"end":{"line":10,"column":48}},"6":{"start":{"line":12,"column":8},"end":{"line":12,"column":20}},"7":{"start":{"line":17,"column":2},"end":{"line":26,"column":4}},"8":{"start":{"line":20,"column":6},"end":{"line":24,"column":7}},"9":{"start":{"line":21,"column":8},"end":{"line":21,"column":45}},"10":{"start":{"line":23,"column":8},"end":{"line":23,"column":20}},"11":{"start":{"line":28,"column":2},"end":{"line":37,"column":4}},"12":{"start":{"line":31,"column":6},"end":{"line":35,"column":7}},"13":{"start":{"line":32,"column":8},"end":{"line":32,"column":49}},"14":{"start":{"line":34,"column":8},"end":{"line":34,"column":20}},"15":{"start":{"line":39,"column":2},"end":{"line":48,"column":6}},"16":{"start":{"line":42,"column":8},"end":{"line":46,"column":9}},"17":{"start":{"line":43,"column":10},"end":{"line":43,"column":60}},"18":{"start":{"line":45,"column":10},"end":{"line":45,"column":22}},"19":{"start":{"line":50,"column":2},"end":{"line":59,"column":4}},"20":{"start":{"line":53,"column":6},"end":{"line":57,"column":7}},"21":{"start":{"line":54,"column":8},"end":{"line":54,"column":48}},"22":{"start":{"line":56,"column":8},"end":{"line":56,"column":20}},"23":{"start":{"line":61,"column":2},"end":{"line":70,"column":4}},"24":{"start":{"line":64,"column":6},"end":{"line":68,"column":7}},"25":{"start":{"line":65,"column":8},"end":{"line":65,"column":48}},"26":{"start":{"line":67,"column":8},"end":{"line":67,"column":20}},"27":{"start":{"line":73,"column":0},"end":{"line":73,"column":23}}},"fnMap":{"0":{"name":"(anonymous_0)","decl":{"start":{"line":5,"column":16},"end":{"line":5,"column":17}},"loc":{"start":{"line":5,"column":33},"end":{"line":71,"column":1}}},"1":{"name":"(anonymous_1)","decl":{"start":{"line":8,"column":4},"end":{"line":8,"column":9}},"loc":{"start":{"line":8,"column":29},"end":{"line":14,"column":5}}},"2":{"name":"(anonymous_2)","decl":{"start":{"line":19,"column":4},"end":{"line":19,"column":9}},"loc":{"start":{"line":19,"column":29},"end":{"line":25,"column":5}}},"3":{"name":"(anonymous_3)","decl":{"start":{"line":30,"column":4},"end":{"line":30,"column":9}},"loc":{"start":{"line":30,"column":29},"end":{"line":36,"column":5}}},"4":{"name":"(anonymous_4)","decl":{"start":{"line":41,"column":6},"end":{"line":41,"column":11}},"loc":{"start":{"line":41,"column":31},"end":{"line":47,"column":7}}},"5":{"name":"(anonymous_5)","decl":{"start":{"line":52,"column":4},"end":{"line":52,"column":9}},"loc":{"start":{"line":52,"column":29},"end":{"line":58,"column":5}}},"6":{"name":"(anonymous_6)","decl":{"start":{"line":63,"column":4},"end":{"line":63,"column":9}},"loc":{"start":{"line":63,"column":29},"end":{"line":69,"column":5}}}},"branchMap":{},"s":{"0":0,"1":0,"2":0,"3":0,"4":0,"5":0,"6":0,"7":0,"8":0,"9":0,"10":0,"11":0,"12":0,"13":0,"14":0,"15":0,"16":0,"17":0,"18":0,"19":0,"20":0,"21":0,"22":0,"23":0,"24":0,"25":0,"26":0,"27":0},"f":{"0":0,"1":0,"2":0,"3":0,"4":0,"5":0,"6":0},"b":{}}
,"C:\\Software Devolpment Training\\Car Rental Db Express\\src\\booking\\booking.service.ts": {"path":"C:\\Software Devolpment Training\\Car Rental Db Express\\src\\booking\\booking.service.ts","statementMap":{"0":{"start":{"line":1,"column":0},"end":{"line":1,"column":33}},"1":{"start":{"line":2,"column":0},"end":{"line":2,"column":31}},"2":{"start":{"line":3,"column":0},"end":{"line":3,"column":61}},"3":{"start":{"line":5,"column":36},"end":{"line":8,"column":1}},"4":{"start":{"line":6,"column":20},"end":{"line":6,"column":78}},"5":{"start":{"line":7,"column":2},"end":{"line":7,"column":17}},"6":{"start":{"line":5,"column":13},"end":{"line":5,"column":36}},"7":{"start":{"line":10,"column":33},"end":{"line":13,"column":1}},"8":{"start":{"line":11,"column":19},"end":{"line":11,"column":56}},"9":{"start":{"line":12,"column":2},"end":{"line":12,"column":18}},"10":{"start":{"line":10,"column":13},"end":{"line":10,"column":33}},"11":{"start":{"line":15,"column":37},"end":{"line":20,"column":1}},"12":{"start":{"line":16,"column":18},"end":{"line":18,"column":4}},"13":{"start":{"line":19,"column":2},"end":{"line":19,"column":17}},"14":{"start":{"line":15,"column":13},"end":{"line":15,"column":37}},"15":{"start":{"line":22,"column":47},"end":{"line":27,"column":1}},"16":{"start":{"line":23,"column":23},"end":{"line":25,"column":4}},"17":{"start":{"line":26,"column":2},"end":{"line":26,"column":22}},"18":{"start":{"line":22,"column":13},"end":{"line":22,"column":47}},"19":{"start":{"line":29,"column":36},"end":{"line":32,"column":1}},"20":{"start":{"line":30,"column":2},"end":{"line":30,"column":97}},"21":{"start":{"line":31,"column":2},"end":{"line":31,"column":40}},"22":{"start":{"line":29,"column":13},"end":{"line":29,"column":36}},"23":{"start":{"line":34,"column":36},"end":{"line":37,"column":1}},"24":{"start":{"line":35,"column":18},"end":{"line":35,"column":99}},"25":{"start":{"line":36,"column":2},"end":{"line":36,"column":20}},"26":{"start":{"line":34,"column":13},"end":{"line":34,"column":36}}},"fnMap":{"0":{"name":"(anonymous_1)","decl":{"start":{"line":5,"column":36},"end":{"line":5,"column":41}},"loc":{"start":{"line":5,"column":65},"end":{"line":8,"column":1}}},"1":{"name":"(anonymous_2)","decl":{"start":{"line":10,"column":33},"end":{"line":10,"column":38}},"loc":{"start":{"line":10,"column":44},"end":{"line":13,"column":1}}},"2":{"name":"(anonymous_3)","decl":{"start":{"line":15,"column":37},"end":{"line":15,"column":42}},"loc":{"start":{"line":15,"column":58},"end":{"line":20,"column":1}}},"3":{"name":"(anonymous_4)","decl":{"start":{"line":22,"column":47},"end":{"line":22,"column":52}},"loc":{"start":{"line":22,"column":76},"end":{"line":27,"column":1}}},"4":{"name":"(anonymous_5)","decl":{"start":{"line":29,"column":36},"end":{"line":29,"column":41}},"loc":{"start":{"line":29,"column":77},"end":{"line":32,"column":1}}},"5":{"name":"(anonymous_6)","decl":{"start":{"line":34,"column":36},"end":{"line":34,"column":41}},"loc":{"start":{"line":34,"column":57},"end":{"line":37,"column":1}}}},"branchMap":{},"s":{"0":0,"1":0,"2":0,"3":0,"4":0,"5":0,"6":0,"7":0,"8":0,"9":0,"10":0,"11":0,"12":0,"13":0,"14":0,"15":0,"16":0,"17":0,"18":0,"19":0,"20":0,"21":0,"22":0,"23":0,"24":0,"25":0,"26":0},"f":{"0":0,"1":0,"2":0,"3":0,"4":0,"5":0},"b":{}}
,"C:\\Software Devolpment Training\\Car Rental Db Express\\src\\car\\car.controller.ts": {"path":"C:\\Software Devolpment Training\\Car Rental Db Express\\src\\car\\car.controller.ts","statementMap":{"0":{"start":{"line":2,"column":0},"end":{"line":2,"column":145}},"1":{"start":{"line":5,"column":35},"end":{"line":14,"column":1}},"2":{"start":{"line":6,"column":2},"end":{"line":13,"column":3}},"3":{"start":{"line":7,"column":16},"end":{"line":7,"column":24}},"4":{"start":{"line":8,"column":20},"end":{"line":8,"column":47}},"5":{"start":{"line":9,"column":4},"end":{"line":9,"column":66}},"6":{"start":{"line":9,"column":18},"end":{"line":9,"column":66}},"7":{"start":{"line":10,"column":4},"end":{"line":10,"column":54}},"8":{"start":{"line":12,"column":4},"end":{"line":12,"column":58}},"9":{"start":{"line":5,"column":13},"end":{"line":5,"column":35}},"10":{"start":{"line":17,"column":32},"end":{"line":27,"column":1}},"11":{"start":{"line":18,"column":2},"end":{"line":26,"column":3}},"12":{"start":{"line":19,"column":17},"end":{"line":19,"column":38}},"13":{"start":{"line":20,"column":4},"end":{"line":22,"column":5}},"14":{"start":{"line":21,"column":6},"end":{"line":21,"column":64}},"15":{"start":{"line":23,"column":4},"end":{"line":23,"column":48}},"16":{"start":{"line":25,"column":4},"end":{"line":25,"column":58}},"17":{"start":{"line":17,"column":13},"end":{"line":17,"column":32}},"18":{"start":{"line":30,"column":44},"end":{"line":49,"column":1}},"19":{"start":{"line":31,"column":4},"end":{"line":48,"column":5}},"20":{"start":{"line":32,"column":22},"end":{"line":32,"column":43}},"21":{"start":{"line":34,"column":8},"end":{"line":36,"column":9}},"22":{"start":{"line":35,"column":12},"end":{"line":35,"column":71}},"23":{"start":{"line":38,"column":20},"end":{"line":38,"column":58}},"24":{"start":{"line":40,"column":8},"end":{"line":42,"column":9}},"25":{"start":{"line":41,"column":12},"end":{"line":41,"column":70}},"26":{"start":{"line":44,"column":8},"end":{"line":44,"column":34}},"27":{"start":{"line":46,"column":8},"end":{"line":46,"column":66}},"28":{"start":{"line":47,"column":8},"end":{"line":47,"column":67}},"29":{"start":{"line":30,"column":13},"end":{"line":30,"column":44}},"30":{"start":{"line":52,"column":36},"end":{"line":63,"column":1}},"31":{"start":{"line":53,"column":2},"end":{"line":62,"column":3}},"32":{"start":{"line":54,"column":15},"end":{"line":54,"column":38}},"33":{"start":{"line":55,"column":4},"end":{"line":55,"column":74}},"34":{"start":{"line":55,"column":19},"end":{"line":55,"column":74}},"35":{"start":{"line":57,"column":16},"end":{"line":57,"column":43}},"36":{"start":{"line":58,"column":4},"end":{"line":58,"column":72}},"37":{"start":{"line":58,"column":14},"end":{"line":58,"column":72}},"38":{"start":{"line":59,"column":4},"end":{"line":59,"column":47}},"39":{"start":{"line":61,"column":4},"end":{"line":61,"column":58}},"40":{"start":{"line":52,"column":13},"end":{"line":52,"column":36}},"41":{"start":{"line":66,"column":35},"end":{"line":81,"column":1}},"42":{"start":{"line":67,"column":2},"end":{"line":80,"column":3}},"43":{"start":{"line":68,"column":15},"end":{"line":68,"column":38}},"44":{"start":{"line":69,"column":4},"end":{"line":69,"column":74}},"45":{"start":{"line":69,"column":19},"end":{"line":69,"column":74}},"46":{"start":{"line":71,"column":16},"end":{"line":71,"column":24}},"47":{"start":{"line":72,"column":24},"end":{"line":72,"column":51}},"48":{"start":{"line":73,"column":4},"end":{"line":73,"column":80}},"49":{"start":{"line":73,"column":22},"end":{"line":73,"column":80}},"50":{"start":{"line":75,"column":20},"end":{"line":75,"column":51}},"51":{"start":{"line":76,"column":4},"end":{"line":76,"column":78}},"52":{"start":{"line":76,"column":18},"end":{"line":76,"column":78}},"53":{"start":{"line":77,"column":4},"end":{"line":77,"column":73}},"54":{"start":{"line":79,"column":4},"end":{"line":79,"column":58}},"55":{"start":{"line":66,"column":13},"end":{"line":66,"column":35}},"56":{"start":{"line":84,"column":35},"end":{"line":99,"column":1}},"57":{"start":{"line":85,"column":2},"end":{"line":98,"column":3}},"58":{"start":{"line":86,"column":15},"end":{"line":86,"column":38}},"59":{"start":{"line":87,"column":4},"end":{"line":87,"column":74}},"60":{"start":{"line":87,"column":19},"end":{"line":87,"column":74}},"61":{"start":{"line":89,"column":24},"end":{"line":89,"column":51}},"62":{"start":{"line":90,"column":4},"end":{"line":90,"column":80}},"63":{"start":{"line":90,"column":22},"end":{"line":90,"column":80}},"64":{"start":{"line":92,"column":20},"end":{"line":92,"column":46}},"65":{"start":{"line":93,"column":4},"end":{"line":93,"column":78}},"66":{"start":{"line":93,"column":18},"end":{"line":93,"column":78}},"67":{"start":{"line":95,"column":4},"end":{"line":95,"column":73}},"68":{"start":{"line":97,"column":4},"end":{"line":97,"column":58}},"69":{"start":{"line":84,"column":13},"end":{"line":84,"column":35}}},"fnMap":{"0":{"name":"(anonymous_0)","decl":{"start":{"line":5,"column":35},"end":{"line":5,"column":40}},"loc":{"start":{"line":5,"column":73},"end":{"line":14,"column":1}}},"1":{"name":"(anonymous_1)","decl":{"start":{"line":17,"column":32},"end":{"line":17,"column":37}},"loc":{"start":{"line":17,"column":70},"end":{"line":27,"column":1}}},"2":{"name":"(anonymous_2)","decl":{"start":{"line":30,"column":44},"end":{"line":30,"column":49}},"loc":{"start":{"line":30,"column":82},"end":{"line":49,"column":1}}},"3":{"name":"(anonymous_3)","decl":{"start":{"line":52,"column":36},"end":{"line":52,"column":41}},"loc":{"start":{"line":52,"column":74},"end":{"line":63,"column":1}}},"4":{"name":"(anonymous_4)","decl":{"start":{"line":66,"column":35},"end":{"line":66,"column":40}},"loc":{"start":{"line":66,"column":73},"end":{"line":81,"column":1}}},"5":{"name":"(anonymous_5)","decl":{"start":{"line":84,"column":35},"end":{"line":84,"column":40}},"loc":{"start":{"line":84,"column":73},"end":{"line":99,"column":1}}}},"branchMap":{"0":{"loc":{"start":{"line":9,"column":4},"end":{"line":9,"column":66}},"type":"if","locations":[{"start":{"line":9,"column":4},"end":{"line":9,"column":66}}]},"1":{"loc":{"start":{"line":20,"column":4},"end":{"line":22,"column":5}},"type":"if","locations":[{"start":{"line":20,"column":4},"end":{"line":22,"column":5}}]},"2":{"loc":{"start":{"line":20,"column":8},"end":{"line":20,"column":34}},"type":"binary-expr","locations":[{"start":{"line":20,"column":8},"end":{"line":20,"column":13}},{"start":{"line":20,"column":17},"end":{"line":20,"column":34}}]},"3":{"loc":{"start":{"line":34,"column":8},"end":{"line":36,"column":9}},"type":"if","locations":[{"start":{"line":34,"column":8},"end":{"line":36,"column":9}}]},"4":{"loc":{"start":{"line":40,"column":8},"end":{"line":42,"column":9}},"type":"if","locations":[{"start":{"line":40,"column":8},"end":{"line":42,"column":9}}]},"5":{"loc":{"start":{"line":55,"column":4},"end":{"line":55,"column":74}},"type":"if","locations":[{"start":{"line":55,"column":4},"end":{"line":55,"column":74}}]},"6":{"loc":{"start":{"line":58,"column":4},"end":{"line":58,"column":72}},"type":"if","locations":[{"start":{"line":58,"column":4},"end":{"line":58,"column":72}}]},"7":{"loc":{"start":{"line":69,"column":4},"end":{"line":69,"column":74}},"type":"if","locations":[{"start":{"line":69,"column":4},"end":{"line":69,"column":74}}]},"8":{"loc":{"start":{"line":73,"column":4},"end":{"line":73,"column":80}},"type":"if","locations":[{"start":{"line":73,"column":4},"end":{"line":73,"column":80}}]},"9":{"loc":{"start":{"line":76,"column":4},"end":{"line":76,"column":78}},"type":"if","locations":[{"start":{"line":76,"column":4},"end":{"line":76,"column":78}}]},"10":{"loc":{"start":{"line":87,"column":4},"end":{"line":87,"column":74}},"type":"if","locations":[{"start":{"line":87,"column":4},"end":{"line":87,"column":74}}]},"11":{"loc":{"start":{"line":90,"column":4},"end":{"line":90,"column":80}},"type":"if","locations":[{"start":{"line":90,"column":4},"end":{"line":90,"column":80}}]},"12":{"loc":{"start":{"line":93,"column":4},"end":{"line":93,"column":78}},"type":"if","locations":[{"start":{"line":93,"column":4},"end":{"line":93,"column":78}}]}},"s":{"0":0,"1":0,"2":0,"3":0,"4":0,"5":0,"6":0,"7":0,"8":0,"9":0,"10":0,"11":0,"12":0,"13":0,"14":0,"15":0,"16":0,"17":0,"18":0,"19":0,"20":0,"21":0,"22":0,"23":0,"24":0,"25":0,"26":0,"27":0,"28":0,"29":0,"30":0,"31":0,"32":0,"33":0,"34":0,"35":0,"36":0,"37":0,"38":0,"39":0,"40":0,"41":0,"42":0,"43":0,"44":0,"45":0,"46":0,"47":0,"48":0,"49":0,"50":0,"51":0,"52":0,"53":0,"54":0,"55":0,"56":0,"57":0,"58":0,"59":0,"60":0,"61":0,"62":0,"63":0,"64":0,"65":0,"66":0,"67":0,"68":0,"69":0},"f":{"0":0,"1":0,"2":0,"3":0,"4":0,"5":0},"b":{"0":[0],"1":[0],"2":[0,0],"3":[0],"4":[0],"5":[0],"6":[0],"7":[0],"8":[0],"9":[0],"10":[0],"11":[0],"12":[0]}}
,"C:\\Software Devolpment Training\\Car Rental Db Express\\src\\car\\car.router.ts": {"path":"C:\\Software Devolpment Training\\Car Rental Db Express\\src\\car\\car.router.ts","statementMap":{"0":{"start":{"line":2,"column":0},"end":{"line":2,"column":166}},"1":{"start":{"line":4,"column":0},"end":{"line":4,"column":86}},"2":{"start":{"line":6,"column":12},"end":{"line":73,"column":1}},"3":{"start":{"line":7,"column":2},"end":{"line":16,"column":4}},"4":{"start":{"line":10,"column":6},"end":{"line":14,"column":7}},"5":{"start":{"line":11,"column":8},"end":{"line":11,"column":44}},"6":{"start":{"line":13,"column":8},"end":{"line":13,"column":20}},"7":{"start":{"line":18,"column":2},"end":{"line":28,"column":4}},"8":{"start":{"line":22,"column":6},"end":{"line":26,"column":7}},"9":{"start":{"line":23,"column":8},"end":{"line":23,"column":41}},"10":{"start":{"line":25,"column":8},"end":{"line":25,"column":20}},"11":{"start":{"line":30,"column":2},"end":{"line":39,"column":4}},"12":{"start":{"line":33,"column":6},"end":{"line":37,"column":7}},"13":{"start":{"line":34,"column":8},"end":{"line":34,"column":45}},"14":{"start":{"line":36,"column":8},"end":{"line":36,"column":20}},"15":{"start":{"line":41,"column":2},"end":{"line":50,"column":4}},"16":{"start":{"line":44,"column":6},"end":{"line":48,"column":7}},"17":{"start":{"line":45,"column":8},"end":{"line":45,"column":53}},"18":{"start":{"line":47,"column":8},"end":{"line":47,"column":20}},"19":{"start":{"line":52,"column":2},"end":{"line":61,"column":4}},"20":{"start":{"line":55,"column":6},"end":{"line":59,"column":7}},"21":{"start":{"line":56,"column":8},"end":{"line":56,"column":44}},"22":{"start":{"line":58,"column":8},"end":{"line":58,"column":20}},"23":{"start":{"line":63,"column":2},"end":{"line":72,"column":4}},"24":{"start":{"line":66,"column":6},"end":{"line":70,"column":7}},"25":{"start":{"line":67,"column":8},"end":{"line":67,"column":44}},"26":{"start":{"line":69,"column":8},"end":{"line":69,"column":20}},"27":{"start":{"line":75,"column":0},"end":{"line":75,"column":19}}},"fnMap":{"0":{"name":"(anonymous_0)","decl":{"start":{"line":6,"column":12},"end":{"line":6,"column":13}},"loc":{"start":{"line":6,"column":29},"end":{"line":73,"column":1}}},"1":{"name":"(anonymous_1)","decl":{"start":{"line":9,"column":4},"end":{"line":9,"column":9}},"loc":{"start":{"line":9,"column":29},"end":{"line":15,"column":5}}},"2":{"name":"(anonymous_2)","decl":{"start":{"line":21,"column":4},"end":{"line":21,"column":9}},"loc":{"start":{"line":21,"column":29},"end":{"line":27,"column":5}}},"3":{"name":"(anonymous_3)","decl":{"start":{"line":32,"column":4},"end":{"line":32,"column":9}},"loc":{"start":{"line":32,"column":29},"end":{"line":38,"column":5}}},"4":{"name":"(anonymous_4)","decl":{"start":{"line":43,"column":4},"end":{"line":43,"column":9}},"loc":{"start":{"line":43,"column":29},"end":{"line":49,"column":5}}},"5":{"name":"(anonymous_5)","decl":{"start":{"line":54,"column":4},"end":{"line":54,"column":9}},"loc":{"start":{"line":54,"column":29},"end":{"line":60,"column":5}}},"6":{"name":"(anonymous_6)","decl":{"start":{"line":65,"column":4},"end":{"line":65,"column":9}},"loc":{"start":{"line":65,"column":29},"end":{"line":71,"column":5}}}},"branchMap":{},"s":{"0":0,"1":0,"2":0,"3":0,"4":0,"5":0,"6":0,"7":0,"8":0,"9":0,"10":0,"11":0,"12":0,"13":0,"14":0,"15":0,"16":0,"17":0,"18":0,"19":0,"20":0,"21":0,"22":0,"23":0,"24":0,"25":0,"26":0,"27":0},"f":{"0":0,"1":0,"2":0,"3":0,"4":0,"5":0,"6":0},"b":{}}
,"C:\\Software Devolpment Training\\Car Rental Db Express\\src\\car\\car.service.ts": {"path":"C:\\Software Devolpment Training\\Car Rental Db Express\\src\\car\\car.service.ts","statementMap":{"0":{"start":{"line":1,"column":0},"end":{"line":1,"column":33}},"1":{"start":{"line":2,"column":0},"end":{"line":2,"column":31}},"2":{"start":{"line":3,"column":0},"end":{"line":3,"column":52}},"3":{"start":{"line":11,"column":32},"end":{"line":15,"column":1}},"4":{"start":{"line":12,"column":19},"end":{"line":12,"column":68}},"5":{"start":{"line":13,"column":0},"end":{"line":13,"column":37}},"6":{"start":{"line":13,"column":25},"end":{"line":13,"column":37}},"7":{"start":{"line":14,"column":0},"end":{"line":14,"column":32}},"8":{"start":{"line":11,"column":13},"end":{"line":11,"column":32}},"9":{"start":{"line":17,"column":29},"end":{"line":20,"column":1}},"10":{"start":{"line":18,"column":15},"end":{"line":18,"column":47}},"11":{"start":{"line":19,"column":2},"end":{"line":19,"column":14}},"12":{"start":{"line":17,"column":13},"end":{"line":17,"column":29}},"13":{"start":{"line":22,"column":33},"end":{"line":27,"column":1}},"14":{"start":{"line":23,"column":14},"end":{"line":25,"column":4}},"15":{"start":{"line":26,"column":2},"end":{"line":26,"column":13}},"16":{"start":{"line":22,"column":13},"end":{"line":22,"column":33}},"17":{"start":{"line":28,"column":41},"end":{"line":45,"column":1}},"18":{"start":{"line":29,"column":4},"end":{"line":44,"column":7}},"19":{"start":{"line":28,"column":13},"end":{"line":28,"column":41}},"20":{"start":{"line":47,"column":32},"end":{"line":50,"column":1}},"21":{"start":{"line":48,"column":2},"end":{"line":48,"column":79}},"22":{"start":{"line":49,"column":2},"end":{"line":49,"column":36}},"23":{"start":{"line":47,"column":13},"end":{"line":47,"column":32}},"24":{"start":{"line":52,"column":32},"end":{"line":55,"column":1}},"25":{"start":{"line":53,"column":21},"end":{"line":53,"column":88}},"26":{"start":{"line":54,"column":2},"end":{"line":54,"column":23}},"27":{"start":{"line":52,"column":13},"end":{"line":52,"column":32}}},"fnMap":{"0":{"name":"(anonymous_1)","decl":{"start":{"line":11,"column":32},"end":{"line":11,"column":37}},"loc":{"start":{"line":11,"column":53},"end":{"line":15,"column":1}}},"1":{"name":"(anonymous_2)","decl":{"start":{"line":17,"column":29},"end":{"line":17,"column":34}},"loc":{"start":{"line":17,"column":40},"end":{"line":20,"column":1}}},"2":{"name":"(anonymous_3)","decl":{"start":{"line":22,"column":33},"end":{"line":22,"column":38}},"loc":{"start":{"line":22,"column":54},"end":{"line":27,"column":1}}},"3":{"name":"(anonymous_4)","decl":{"start":{"line":28,"column":41},"end":{"line":28,"column":46}},"loc":{"start":{"line":28,"column":65},"end":{"line":45,"column":1}}},"4":{"name":"(anonymous_5)","decl":{"start":{"line":47,"column":32},"end":{"line":47,"column":37}},"loc":{"start":{"line":47,"column":65},"end":{"line":50,"column":1}}},"5":{"name":"(anonymous_6)","decl":{"start":{"line":52,"column":32},"end":{"line":52,"column":37}},"loc":{"start":{"line":52,"column":53},"end":{"line":55,"column":1}}}},"branchMap":{"0":{"loc":{"start":{"line":13,"column":0},"end":{"line":13,"column":37}},"type":"if","locations":[{"start":{"line":13,"column":0},"end":{"line":13,"column":37}}]}},"s":{"0":0,"1":0,"2":0,"3":0,"4":0,"5":0,"6":0,"7":0,"8":0,"9":0,"10":0,"11":0,"12":0,"13":0,"14":0,"15":0,"16":0,"17":0,"18":0,"19":0,"20":0,"21":0,"22":0,"23":0,"24":0,"25":0,"26":0,"27":0},"f":{"0":0,"1":0,"2":0,"3":0,"4":0,"5":0},"b":{"0":[0]}}
,"C:\\Software Devolpment Training\\Car Rental Db Express\\src\\drizzle\\db.ts": {"path":"C:\\Software Devolpment Training\\Car Rental Db Express\\src\\drizzle\\db.ts","statementMap":{"0":{"start":{"line":26,"column":0},"end":{"line":26,"column":23}},"1":{"start":{"line":27,"column":0},"end":{"line":27,"column":48}},"2":{"start":{"line":28,"column":0},"end":{"line":28,"column":48}},"3":{"start":{"line":29,"column":0},"end":{"line":29,"column":35}},"4":{"start":{"line":33,"column":13},"end":{"line":33,"column":51}},"5":{"start":{"line":36,"column":11},"end":{"line":36,"column":50}},"6":{"start":{"line":38,"column":0},"end":{"line":38,"column":18}}},"fnMap":{},"branchMap":{},"s":{"0":0,"1":0,"2":0,"3":0,"4":0,"5":0,"6":0},"f":{},"b":{}}
,"C:\\Software Devolpment Training\\Car Rental Db Express\\src\\drizzle\\migrate.ts": {"path":"C:\\Software Devolpment Training\\Car Rental Db Express\\src\\drizzle\\migrate.ts","statementMap":{"0":{"start":{"line":1,"column":0},"end":{"line":1,"column":23}},"1":{"start":{"line":2,"column":0},"end":{"line":2,"column":61}},"2":{"start":{"line":3,"column":0},"end":{"line":3,"column":33}},"3":{"start":{"line":6,"column":4},"end":{"line":6,"column":50}},"4":{"start":{"line":7,"column":4},"end":{"line":7,"column":71}},"5":{"start":{"line":8,"column":4},"end":{"line":8,"column":23}},"6":{"start":{"line":9,"column":4},"end":{"line":9,"column":52}},"7":{"start":{"line":10,"column":4},"end":{"line":10,"column":20}},"8":{"start":{"line":13,"column":0},"end":{"line":16,"column":3}},"9":{"start":{"line":14,"column":4},"end":{"line":14,"column":46}},"10":{"start":{"line":15,"column":4},"end":{"line":15,"column":20}}},"fnMap":{"0":{"name":"migration","decl":{"start":{"line":5,"column":15},"end":{"line":5,"column":24}},"loc":{"start":{"line":5,"column":24},"end":{"line":11,"column":1}}},"1":{"name":"(anonymous_10)","decl":{"start":{"line":13,"column":18},"end":{"line":13,"column":19}},"loc":{"start":{"line":13,"column":28},"end":{"line":16,"column":1}}}},"branchMap":{},"s":{"0":0,"1":0,"2":0,"3":0,"4":0,"5":0,"6":0,"7":0,"8":0,"9":0,"10":0},"f":{"0":0,"1":0},"b":{}}
,"C:\\Software Devolpment Training\\Car Rental Db Express\\src\\drizzle\\schema.ts": {"path":"C:\\Software Devolpment Training\\Car Rental Db Express\\src\\drizzle\\schema.ts","statementMap":{"0":{"start":{"line":1,"column":0},"end":{"line":1,"column":40}},"1":{"start":{"line":2,"column":0},"end":{"line":2,"column":45}},"2":{"start":{"line":3,"column":0},"end":{"line":3,"column":102}},"3":{"start":{"line":6,"column":13},"end":{"line":6,"column":58}},"4":{"start":{"line":10,"column":13},"end":{"line":21,"column":3}},"5":{"start":{"line":24,"column":13},"end":{"line":29,"column":3}},"6":{"start":{"line":32,"column":13},"end":{"line":40,"column":null}},"7":{"start":{"line":39,"column":55},"end":{"line":39,"column":79}},"8":{"start":{"line":43,"column":13},"end":{"line":50,"column":3}},"9":{"start":{"line":45,"column":65},"end":{"line":45,"column":89}},"10":{"start":{"line":46,"column":55},"end":{"line":46,"column":69}},"11":{"start":{"line":53,"column":13},"end":{"line":60,"column":3}},"12":{"start":{"line":55,"column":55},"end":{"line":55,"column":69}},"13":{"start":{"line":56,"column":65},"end":{"line":56,"column":89}},"14":{"start":{"line":63,"column":13},"end":{"line":69,"column":3}},"15":{"start":{"line":65,"column":63},"end":{"line":65,"column":86}},"16":{"start":{"line":73,"column":13},"end":{"line":79,"column":3}},"17":{"start":{"line":75,"column":55},"end":{"line":75,"column":69}},"18":{"start":{"line":84,"column":13},"end":{"line":91,"column":3}},"19":{"start":{"line":86,"column":55},"end":{"line":86,"column":69}},"20":{"start":{"line":97,"column":13},"end":{"line":100,"column":null}},"21":{"start":{"line":97,"column":73},"end":{"line":100,"column":2}},"22":{"start":{"line":103,"column":13},"end":{"line":105,"column":null}},"23":{"start":{"line":103,"column":77},"end":{"line":105,"column":2}},"24":{"start":{"line":108,"column":13},"end":{"line":117,"column":4}},"25":{"start":{"line":108,"column":68},"end":{"line":117,"column":2}},"26":{"start":{"line":120,"column":13},"end":{"line":129,"column":null}},"27":{"start":{"line":120,"column":78},"end":{"line":129,"column":2}},"28":{"start":{"line":132,"column":13},"end":{"line":142,"column":null}},"29":{"start":{"line":132,"column":78},"end":{"line":142,"column":2}},"30":{"start":{"line":145,"column":13},"end":{"line":150,"column":null}},"31":{"start":{"line":145,"column":70},"end":{"line":150,"column":2}},"32":{"start":{"line":153,"column":13},"end":{"line":158,"column":4}},"33":{"start":{"line":153,"column":78},"end":{"line":158,"column":2}},"34":{"start":{"line":161,"column":13},"end":{"line":166,"column":4}},"35":{"start":{"line":161,"column":74},"end":{"line":166,"column":2}}},"fnMap":{"0":{"name":"(anonymous_0)","decl":{"start":{"line":39,"column":49},"end":{"line":39,"column":52}},"loc":{"start":{"line":39,"column":55},"end":{"line":39,"column":79}}},"1":{"name":"(anonymous_1)","decl":{"start":{"line":45,"column":59},"end":{"line":45,"column":62}},"loc":{"start":{"line":45,"column":65},"end":{"line":45,"column":89}}},"2":{"name":"(anonymous_2)","decl":{"start":{"line":46,"column":49},"end":{"line":46,"column":52}},"loc":{"start":{"line":46,"column":55},"end":{"line":46,"column":69}}},"3":{"name":"(anonymous_3)","decl":{"start":{"line":55,"column":49},"end":{"line":55,"column":52}},"loc":{"start":{"line":55,"column":55},"end":{"line":55,"column":69}}},"4":{"name":"(anonymous_4)","decl":{"start":{"line":56,"column":59},"end":{"line":56,"column":62}},"loc":{"start":{"line":56,"column":65},"end":{"line":56,"column":89}}},"5":{"name":"(anonymous_5)","decl":{"start":{"line":65,"column":57},"end":{"line":65,"column":60}},"loc":{"start":{"line":65,"column":63},"end":{"line":65,"column":86}}},"6":{"name":"(anonymous_6)","decl":{"start":{"line":75,"column":49},"end":{"line":75,"column":52}},"loc":{"start":{"line":75,"column":55},"end":{"line":75,"column":69}}},"7":{"name":"(anonymous_7)","decl":{"start":{"line":86,"column":49},"end":{"line":86,"column":52}},"loc":{"start":{"line":86,"column":55},"end":{"line":86,"column":69}}},"8":{"name":"(anonymous_8)","decl":{"start":{"line":97,"column":58},"end":{"line":97,"column":59}},"loc":{"start":{"line":97,"column":73},"end":{"line":100,"column":2}}},"9":{"name":"(anonymous_9)","decl":{"start":{"line":103,"column":62},"end":{"line":103,"column":63}},"loc":{"start":{"line":103,"column":77},"end":{"line":105,"column":2}}},"10":{"name":"(anonymous_10)","decl":{"start":{"line":108,"column":48},"end":{"line":108,"column":49}},"loc":{"start":{"line":108,"column":68},"end":{"line":117,"column":2}}},"11":{"name":"(anonymous_11)","decl":{"start":{"line":120,"column":64},"end":{"line":120,"column":65}},"loc":{"start":{"line":120,"column":78},"end":{"line":129,"column":2}}},"12":{"name":"(anonymous_12)","decl":{"start":{"line":132,"column":58},"end":{"line":132,"column":59}},"loc":{"start":{"line":132,"column":78},"end":{"line":142,"column":2}}},"13":{"name":"(anonymous_13)","decl":{"start":{"line":145,"column":56},"end":{"line":145,"column":57}},"loc":{"start":{"line":145,"column":70},"end":{"line":150,"column":2}}},"14":{"name":"(anonymous_14)","decl":{"start":{"line":153,"column":64},"end":{"line":153,"column":65}},"loc":{"start":{"line":153,"column":78},"end":{"line":158,"column":2}}},"15":{"name":"(anonymous_15)","decl":{"start":{"line":161,"column":60},"end":{"line":161,"column":61}},"loc":{"start":{"line":161,"column":74},"end":{"line":166,"column":2}}}},"branchMap":{},"s":{"0":0,"1":0,"2":0,"3":0,"4":0,"5":0,"6":0,"7":0,"8":0,"9":0,"10":0,"11":0,"12":0,"13":0,"14":0,"15":0,"16":0,"17":0,"18":0,"19":0,"20":0,"21":0,"22":0,"23":0,"24":0,"25":0,"26":0,"27":0,"28":0,"29":0,"30":0,"31":0,"32":0,"33":0,"34":0,"35":0},"f":{"0":0,"1":0,"2":0,"3":0,"4":0,"5":0,"6":0,"7":0,"8":0,"9":0,"10":0,"11":0,"12":0,"13":0,"14":0,"15":0},"b":{}}
,"C:\\Software Devolpment Training\\Car Rental Db Express\\src\\insurance\\insurance.controller.ts": {"path":"C:\\Software Devolpment Training\\Car Rental Db Express\\src\\insurance\\insurance.controller.ts","statementMap":{"0":{"start":{"line":2,"column":0},"end":{"line":2,"column":149}},"1":{"start":{"line":4,"column":43},"end":{"line":12,"column":1}},"2":{"start":{"line":5,"column":2},"end":{"line":11,"column":3}},"3":{"start":{"line":6,"column":28},"end":{"line":6,"column":66}},"4":{"start":{"line":7,"column":4},"end":{"line":7,"column":80}},"5":{"start":{"line":7,"column":26},"end":{"line":7,"column":80}},"6":{"start":{"line":8,"column":4},"end":{"line":8,"column":62}},"7":{"start":{"line":10,"column":4},"end":{"line":10,"column":58}},"8":{"start":{"line":4,"column":13},"end":{"line":4,"column":43}},"9":{"start":{"line":14,"column":38},"end":{"line":24,"column":1}},"10":{"start":{"line":15,"column":2},"end":{"line":23,"column":3}},"11":{"start":{"line":16,"column":23},"end":{"line":16,"column":50}},"12":{"start":{"line":17,"column":4},"end":{"line":19,"column":5}},"13":{"start":{"line":18,"column":6},"end":{"line":18,"column":70}},"14":{"start":{"line":20,"column":4},"end":{"line":20,"column":54}},"15":{"start":{"line":22,"column":4},"end":{"line":22,"column":58}},"16":{"start":{"line":14,"column":13},"end":{"line":14,"column":38}},"17":{"start":{"line":26,"column":42},"end":{"line":38,"column":1}},"18":{"start":{"line":27,"column":2},"end":{"line":37,"column":3}},"19":{"start":{"line":28,"column":15},"end":{"line":28,"column":38}},"20":{"start":{"line":29,"column":4},"end":{"line":29,"column":74}},"21":{"start":{"line":29,"column":19},"end":{"line":29,"column":74}},"22":{"start":{"line":31,"column":22},"end":{"line":31,"column":55}},"23":{"start":{"line":32,"column":4},"end":{"line":32,"column":84}},"24":{"start":{"line":32,"column":20},"end":{"line":32,"column":84}},"25":{"start":{"line":34,"column":4},"end":{"line":34,"column":53}},"26":{"start":{"line":36,"column":4},"end":{"line":36,"column":58}},"27":{"start":{"line":26,"column":13},"end":{"line":26,"column":42}},"28":{"start":{"line":40,"column":41},"end":{"line":52,"column":1}},"29":{"start":{"line":41,"column":2},"end":{"line":51,"column":3}},"30":{"start":{"line":42,"column":15},"end":{"line":42,"column":38}},"31":{"start":{"line":43,"column":4},"end":{"line":43,"column":74}},"32":{"start":{"line":43,"column":19},"end":{"line":43,"column":74}},"33":{"start":{"line":45,"column":20},"end":{"line":45,"column":62}},"34":{"start":{"line":46,"column":4},"end":{"line":46,"column":84}},"35":{"start":{"line":46,"column":18},"end":{"line":46,"column":84}},"36":{"start":{"line":48,"column":4},"end":{"line":48,"column":79}},"37":{"start":{"line":50,"column":4},"end":{"line":50,"column":58}},"38":{"start":{"line":40,"column":13},"end":{"line":40,"column":41}},"39":{"start":{"line":54,"column":41},"end":{"line":69,"column":1}},"40":{"start":{"line":55,"column":2},"end":{"line":68,"column":3}},"41":{"start":{"line":56,"column":15},"end":{"line":56,"column":38}},"42":{"start":{"line":57,"column":4},"end":{"line":57,"column":74}},"43":{"start":{"line":57,"column":19},"end":{"line":57,"column":74}},"44":{"start":{"line":59,"column":21},"end":{"line":59,"column":54}},"45":{"start":{"line":60,"column":4},"end":{"line":60,"column":83}},"46":{"start":{"line":60,"column":19},"end":{"line":60,"column":83}},"47":{"start":{"line":62,"column":20},"end":{"line":62,"column":52}},"48":{"start":{"line":63,"column":4},"end":{"line":63,"column":84}},"49":{"start":{"line":63,"column":18},"end":{"line":63,"column":84}},"50":{"start":{"line":65,"column":4},"end":{"line":65,"column":79}},"51":{"start":{"line":67,"column":4},"end":{"line":67,"column":58}},"52":{"start":{"line":54,"column":13},"end":{"line":54,"column":41}}},"fnMap":{"0":{"name":"(anonymous_0)","decl":{"start":{"line":4,"column":43},"end":{"line":4,"column":48}},"loc":{"start":{"line":4,"column":81},"end":{"line":12,"column":1}}},"1":{"name":"(anonymous_1)","decl":{"start":{"line":14,"column":38},"end":{"line":14,"column":43}},"loc":{"start":{"line":14,"column":76},"end":{"line":24,"column":1}}},"2":{"name":"(anonymous_2)","decl":{"start":{"line":26,"column":42},"end":{"line":26,"column":47}},"loc":{"start":{"line":26,"column":80},"end":{"line":38,"column":1}}},"3":{"name":"(anonymous_3)","decl":{"start":{"line":40,"column":41},"end":{"line":40,"column":46}},"loc":{"start":{"line":40,"column":79},"end":{"line":52,"column":1}}},"4":{"name":"(anonymous_4)","decl":{"start":{"line":54,"column":41},"end":{"line":54,"column":46}},"loc":{"start":{"line":54,"column":79},"end":{"line":69,"column":1}}}},"branchMap":{"0":{"loc":{"start":{"line":7,"column":4},"end":{"line":7,"column":80}},"type":"if","locations":[{"start":{"line":7,"column":4},"end":{"line":7,"column":80}}]},"1":{"loc":{"start":{"line":17,"column":4},"end":{"line":19,"column":5}},"type":"if","locations":[{"start":{"line":17,"column":4},"end":{"line":19,"column":5}}]},"2":{"loc":{"start":{"line":17,"column":8},"end":{"line":17,"column":46}},"type":"binary-expr","locations":[{"start":{"line":17,"column":8},"end":{"line":17,"column":19}},{"start":{"line":17,"column":23},"end":{"line":17,"column":46}}]},"3":{"loc":{"start":{"line":29,"column":4},"end":{"line":29,"column":74}},"type":"if","locations":[{"start":{"line":29,"column":4},"end":{"line":29,"column":74}}]},"4":{"loc":{"start":{"line":32,"column":4},"end":{"line":32,"column":84}},"type":"if","locations":[{"start":{"line":32,"column":4},"end":{"line":32,"column":84}}]},"5":{"loc":{"start":{"line":43,"column":4},"end":{"line":43,"column":74}},"type":"if","locations":[{"start":{"line":43,"column":4},"end":{"line":43,"column":74}}]},"6":{"loc":{"start":{"line":46,"column":4},"end":{"line":46,"column":84}},"type":"if","locations":[{"start":{"line":46,"column":4},"end":{"line":46,"column":84}}]},"7":{"loc":{"start":{"line":57,"column":4},"end":{"line":57,"column":74}},"type":"if","locations":[{"start":{"line":57,"column":4},"end":{"line":57,"column":74}}]},"8":{"loc":{"start":{"line":60,"column":4},"end":{"line":60,"column":83}},"type":"if","locations":[{"start":{"line":60,"column":4},"end":{"line":60,"column":83}}]},"9":{"loc":{"start":{"line":63,"column":4},"end":{"line":63,"column":84}},"type":"if","locations":[{"start":{"line":63,"column":4},"end":{"line":63,"column":84}}]}},"s":{"0":0,"1":0,"2":0,"3":0,"4":0,"5":0,"6":0,"7":0,"8":0,"9":0,"10":0,"11":0,"12":0,"13":0,"14":0,"15":0,"16":0,"17":0,"18":0,"19":0,"20":0,"21":0,"22":0,"23":0,"24":0,"25":0,"26":0,"27":0,"28":0,"29":0,"30":0,"31":0,"32":0,"33":0,"34":0,"35":0,"36":0,"37":0,"38":0,"39":0,"40":0,"41":0,"42":0,"43":0,"44":0,"45":0,"46":0,"47":0,"48":0,"49":0,"50":0,"51":0,"52":0},"f":{"0":0,"1":0,"2":0,"3":0,"4":0},"b":{"0":[0],"1":[0],"2":[0,0],"3":[0],"4":[0],"5":[0],"6":[0],"7":[0],"8":[0],"9":[0]}}
,"C:\\Software Devolpment Training\\Car Rental Db Express\\src\\insurance\\insurance.router.ts": {"path":"C:\\Software Devolpment Training\\Car Rental Db Express\\src\\insurance\\insurance.router.ts","statementMap":{"0":{"start":{"line":2,"column":0},"end":{"line":2,"column":169}},"1":{"start":{"line":3,"column":0},"end":{"line":3,"column":86}},"2":{"start":{"line":5,"column":18},"end":{"line":55,"column":1}},"3":{"start":{"line":6,"column":2},"end":{"line":14,"column":5}},"4":{"start":{"line":9,"column":4},"end":{"line":13,"column":5}},"5":{"start":{"line":10,"column":6},"end":{"line":10,"column":50}},"6":{"start":{"line":12,"column":6},"end":{"line":12,"column":18}},"7":{"start":{"line":16,"column":2},"end":{"line":24,"column":5}},"8":{"start":{"line":19,"column":4},"end":{"line":23,"column":5}},"9":{"start":{"line":20,"column":6},"end":{"line":20,"column":45}},"10":{"start":{"line":22,"column":6},"end":{"line":22,"column":18}},"11":{"start":{"line":26,"column":2},"end":{"line":34,"column":5}},"12":{"start":{"line":29,"column":4},"end":{"line":33,"column":5}},"13":{"start":{"line":30,"column":6},"end":{"line":30,"column":49}},"14":{"start":{"line":32,"column":6},"end":{"line":32,"column":18}},"15":{"start":{"line":36,"column":2},"end":{"line":44,"column":5}},"16":{"start":{"line":39,"column":4},"end":{"line":43,"column":5}},"17":{"start":{"line":40,"column":6},"end":{"line":40,"column":48}},"18":{"start":{"line":42,"column":6},"end":{"line":42,"column":18}},"19":{"start":{"line":46,"column":2},"end":{"line":54,"column":5}},"20":{"start":{"line":49,"column":4},"end":{"line":53,"column":5}},"21":{"start":{"line":50,"column":6},"end":{"line":50,"column":48}},"22":{"start":{"line":52,"column":6},"end":{"line":52,"column":18}},"23":{"start":{"line":57,"column":0},"end":{"line":57,"column":25}}},"fnMap":{"0":{"name":"(anonymous_0)","decl":{"start":{"line":5,"column":18},"end":{"line":5,"column":19}},"loc":{"start":{"line":5,"column":35},"end":{"line":55,"column":1}}},"1":{"name":"(anonymous_1)","decl":{"start":{"line":8,"column":4},"end":{"line":8,"column":9}},"loc":{"start":{"line":8,"column":29},"end":{"line":14,"column":3}}},"2":{"name":"(anonymous_2)","decl":{"start":{"line":18,"column":4},"end":{"line":18,"column":9}},"loc":{"start":{"line":18,"column":29},"end":{"line":24,"column":3}}},"3":{"name":"(anonymous_3)","decl":{"start":{"line":28,"column":4},"end":{"line":28,"column":9}},"loc":{"start":{"line":28,"column":29},"end":{"line":34,"column":3}}},"4":{"name":"(anonymous_4)","decl":{"start":{"line":38,"column":4},"end":{"line":38,"column":9}},"loc":{"start":{"line":38,"column":29},"end":{"line":44,"column":3}}},"5":{"name":"(anonymous_5)","decl":{"start":{"line":48,"column":4},"end":{"line":48,"column":9}},"loc":{"start":{"line":48,"column":29},"end":{"line":54,"column":3}}}},"branchMap":{},"s":{"0":0,"1":0,"2":0,"3":0,"4":0,"5":0,"6":0,"7":0,"8":0,"9":0,"10":0,"11":0,"12":0,"13":0,"14":0,"15":0,"16":0,"17":0,"18":0,"19":0,"20":0,"21":0,"22":0,"23":0},"f":{"0":0,"1":0,"2":0,"3":0,"4":0,"5":0},"b":{}}
[...]
,"C:\\Software Devolpment Training\\Car Rental Db Express\\src\\payment\\payment.service.ts": {"path":"C:\\Software Devolpment Training\\Car Rental Db Express\\src\\payment\\payment.service.ts","statementMap":{"0":{"start":{"line":1,"column":0},"end":{"line":1,"column":33}},"1":{"start":{"line":2,"column":0},"end":{"line":2,"column":31}},"2":{"start":{"line":3,"column":0},"end":{"line":3,"column":60}},"3":{"start":{"line":5,"column":36},"end":{"line":10,"column":1}},"4":{"start":{"line":8,"column":20},"end":{"line":8,"column":77}},"5":{"start":{"line":9,"column":2},"end":{"line":9,"column":17}},"6":{"start":{"line":5,"column":13},"end":{"line":5,"column":36}},"7":{"start":{"line":12,"column":33},"end":{"line":15,"column":1}},"8":{"start":{"line":13,"column":19},"end":{"line":13,"column":55}},"9":{"start":{"line":14,"column":2},"end":{"line":14,"column":18}},"10":{"start":{"line":12,"column":13},"end":{"line":12,"column":33}},"11":{"start":{"line":17,"column":37},"end":{"line":22,"column":1}},"12":{"start":{"line":18,"column":18},"end":{"line":20,"column":4}},"13":{"start":{"line":21,"column":2},"end":{"line":21,"column":17}},"14":{"start":{"line":17,"column":13},"end":{"line":17,"column":37}},"15":{"start":{"line":24,"column":45},"end":{"line":29,"column":1}},"16":{"start":{"line":25,"column":19},"end":{"line":27,"column":4}},"17":{"start":{"line":28,"column":2},"end":{"line":28,"column":18}},"18":{"start":{"line":24,"column":13},"end":{"line":24,"column":45}},"19":{"start":{"line":31,"column":36},"end":{"line":34,"column":1}},"20":{"start":{"line":32,"column":2},"end":{"line":32,"column":95}},"21":{"start":{"line":33,"column":2},"end":{"line":33,"column":40}},"22":{"start":{"line":31,"column":13},"end":{"line":31,"column":36}},"23":{"start":{"line":36,"column":36},"end":{"line":39,"column":1}},"24":{"start":{"line":37,"column":18},"end":{"line":37,"column":97}},"25":{"start":{"line":38,"column":2},"end":{"line":38,"column":20}},"26":{"start":{"line":36,"column":13},"end":{"line":36,"column":36}}},"fnMap":{"0":{"name":"(anonymous_1)","decl":{"start":{"line":5,"column":36},"end":{"line":5,"column":41}},"loc":{"start":{"line":5,"column":65},"end":{"line":10,"column":1}}},"1":{"name":"(anonymous_2)","decl":{"start":{"line":12,"column":33},"end":{"line":12,"column":38}},"loc":{"start":{"line":12,"column":44},"end":{"line":15,"column":1}}},"2":{"name":"(anonymous_3)","decl":{"start":{"line":17,"column":37},"end":{"line":17,"column":42}},"loc":{"start":{"line":17,"column":58},"end":{"line":22,"column":1}}},"3":{"name":"(anonymous_4)","decl":{"start":{"line":24,"column":45},"end":{"line":24,"column":50}},"loc":{"start":{"line":24,"column":73},"end":{"line":29,"column":1}}},"4":{"name":"(anonymous_5)","decl":{"start":{"line":31,"column":36},"end":{"line":31,"column":41}},"loc":{"start":{"line":31,"column":77},"end":{"line":34,"column":1}}},"5":{"name":"(anonymous_6)","decl":{"start":{"line":36,"column":36},"end":{"line":36,"column":41}},"loc":{"start":{"line":36,"column":57},"end":{"line":39,"column":1}}}},"branchMap":{},"s":{"0":0,"1":0,"2":0,"3":0,"4":0,"5":0,"6":0,"7":0,"8":0,"9":0,"10":0,"11":0,"12":0,"13":0,"14":0,"15":0,"16":0,"17":0,"18":0,"19":0,"20":0,"21":0,"22":0,"23":0,"24":0,"25":0,"26":0},"f":{"0":0,"1":0,"2":0,"3":0,"4":0,"5":0},"b":{}}
,"C:\\Software Devolpment Training\\Car Rental Db Express\\src\\reservation\\reservation.controller.ts": {"path":"C:\\Software Devolpment Training\\Car Rental Db Express\\src\\reservation\\reservation.controller.ts","statementMap":{"0":{"start":{"line":2,"column":0},"end":{"line":2,"column":197}},"1":{"start":{"line":4,"column":43},"end":{"line":15,"column":1}},"2":{"start":{"line":5,"column":2},"end":{"line":14,"column":3}},"3":{"start":{"line":6,"column":24},"end":{"line":6,"column":32}},"4":{"start":{"line":7,"column":20},"end":{"line":7,"column":63}},"5":{"start":{"line":8,"column":4},"end":{"line":10,"column":5}},"6":{"start":{"line":9,"column":6},"end":{"line":9,"column":83}},"7":{"start":{"line":11,"column":4},"end":{"line":11,"column":96}},"8":{"start":{"line":13,"column":4},"end":{"line":13,"column":58}},"9":{"start":{"line":4,"column":13},"end":{"line":4,"column":43}},"10":{"start":{"line":18,"column":40},"end":{"line":28,"column":1}},"11":{"start":{"line":19,"column":2},"end":{"line":27,"column":3}},"12":{"start":{"line":20,"column":25},"end":{"line":20,"column":54}},"13":{"start":{"line":21,"column":4},"end":{"line":23,"column":5}},"14":{"start":{"line":22,"column":6},"end":{"line":22,"column":72}},"15":{"start":{"line":24,"column":4},"end":{"line":24,"column":56}},"16":{"start":{"line":26,"column":4},"end":{"line":26,"column":58}},"17":{"start":{"line":18,"column":13},"end":{"line":18,"column":40}},"18":{"start":{"line":30,"column":44},"end":{"line":41,"column":1}},"19":{"start":{"line":31,"column":2},"end":{"line":40,"column":3}},"20":{"start":{"line":32,"column":15},"end":{"line":32,"column":38}},"21":{"start":{"line":33,"column":4},"end":{"line":33,"column":74}},"22":{"start":{"line":33,"column":19},"end":{"line":33,"column":74}},"23":{"start":{"line":35,"column":24},"end":{"line":35,"column":59}},"24":{"start":{"line":36,"column":4},"end":{"line":36,"column":88}},"25":{"start":{"line":36,"column":22},"end":{"line":36,"column":88}},"26":{"start":{"line":37,"column":4},"end":{"line":37,"column":55}},"27":{"start":{"line":39,"column":4},"end":{"line":39,"column":58}},"28":{"start":{"line":30,"column":13},"end":{"line":30,"column":44}},"29":{"start":{"line":43,"column":53},"end":{"line":54,"column":1}},"30":{"start":{"line":44,"column":2},"end":{"line":53,"column":3}},"31":{"start":{"line":45,"column":23},"end":{"line":45,"column":54}},"32":{"start":{"line":46,"column":4},"end":{"line":46,"column":82}},"33":{"start":{"line":46,"column":27},"end":{"line":46,"column":82}},"34":{"start":{"line":48,"column":25},"end":{"line":48,"column":77}},"35":{"start":{"line":49,"column":4},"end":{"line":49,"column":89}},"36":{"start":{"line":49,"column":23},"end":{"line":49,"column":89}},"37":{"start":{"line":50,"column":4},"end":{"line":50,"column":56}},"38":{"start":{"line":52,"column":4},"end":{"line":52,"column":58}},"39":{"start":{"line":43,"column":13},"end":{"line":43,"column":53}},"40":{"start":{"line":56,"column":43},"end":{"line":72,"column":1}},"41":{"start":{"line":57,"column":2},"end":{"line":71,"column":3}},"42":{"start":{"line":58,"column":15},"end":{"line":58,"column":38}},"43":{"start":{"line":59,"column":4},"end":{"line":59,"column":74}},"44":{"start":{"line":59,"column":19},"end":{"line":59,"column":74}},"45":{"start":{"line":61,"column":24},"end":{"line":61,"column":32}},"46":{"start":{"line":62,"column":21},"end":{"line":62,"column":56}},"47":{"start":{"line":63,"column":4},"end":{"line":63,"column":85}},"48":{"start":{"line":63,"column":19},"end":{"line":63,"column":85}},"49":{"start":{"line":65,"column":20},"end":{"line":65,"column":67}},"50":{"start":{"line":66,"column":4},"end":{"line":66,"column":86}},"51":{"start":{"line":66,"column":18},"end":{"line":66,"column":86}},"52":{"start":{"line":68,"column":4},"end":{"line":68,"column":81}},"53":{"start":{"line":70,"column":4},"end":{"line":70,"column":58}},"54":{"start":{"line":56,"column":13},"end":{"line":56,"column":43}},"55":{"start":{"line":74,"column":43},"end":{"line":89,"column":1}},"56":{"start":{"line":75,"column":2},"end":{"line":88,"column":3}},"57":{"start":{"line":76,"column":15},"end":{"line":76,"column":38}},"58":{"start":{"line":77,"column":4},"end":{"line":77,"column":74}},"59":{"start":{"line":77,"column":19},"end":{"line":77,"column":74}},"60":{"start":{"line":79,"column":21},"end":{"line":79,"column":56}},"61":{"start":{"line":80,"column":4},"end":{"line":80,"column":85}},"62":{"start":{"line":80,"column":19},"end":{"line":80,"column":85}},"63":{"start":{"line":82,"column":20},"end":{"line":82,"column":54}},"64":{"start":{"line":83,"column":4},"end":{"line":83,"column":86}},"65":{"start":{"line":83,"column":18},"end":{"line":83,"column":86}},"66":{"start":{"line":85,"column":4},"end":{"line":85,"column":81}},"67":{"start":{"line":87,"column":4},"end":{"line":87,"column":58}},"68":{"start":{"line":74,"column":13},"end":{"line":74,"column":43}}},"fnMap":{"0":{"name":"(anonymous_0)","decl":{"start":{"line":4,"column":43},"end":{"line":4,"column":48}},"loc":{"start":{"line":4,"column":81},"end":{"line":15,"column":1}}},"1":{"name":"(anonymous_1)","decl":{"start":{"line":18,"column":40},"end":{"line":18,"column":45}},"loc":{"start":{"line":18,"column":78},"end":{"line":28,"column":1}}},"2":{"name":"(anonymous_2)","decl":{"start":{"line":30,"column":44},"end":{"line":30,"column":49}},"loc":{"start":{"line":30,"column":82},"end":{"line":41,"column":1}}},"3":{"name":"(anonymous_3)","decl":{"start":{"line":43,"column":53},"end":{"line":43,"column":58}},"loc":{"start":{"line":43,"column":91},"end":{"line":54,"column":1}}},"4":{"name":"(anonymous_4)","decl":{"start":{"line":56,"column":43},"end":{"line":56,"column":48}},"loc":{"start":{"line":56,"column":81},"end":{"line":72,"column":1}}},"5":{"name":"(anonymous_5)","decl":{"start":{"line":74,"column":43},"end":{"line":74,"column":48}},"loc":{"start":{"line":74,"column":81},"end":{"line":89,"column":1}}}},"branchMap":{"0":{"loc":{"start":{"line":8,"column":4},"end":{"line":10,"column":5}},"type":"if","locations":[{"start":{"line":8,"column":4},"end":{"line":10,"column":5}}]},"1":{"loc":{"start":{"line":21,"column":4},"end":{"line":23,"column":5}},"type":"if","locations":[{"start":{"line":21,"column":4},"end":{"line":23,"column":5}}]},"2":{"loc":{"start":{"line":21,"column":8},"end":{"line":21,"column":50}},"type":"binary-expr","locations":[{"start":{"line":21,"column":8},"end":{"line":21,"column":21}},{"start":{"line":21,"column":25},"end":{"line":21,"column":50}}]},"3":{"loc":{"start":{"line":33,"column":4},"end":{"line":33,"column":74}},"type":"if","locations":[{"start":{"line":33,"column":4},"end":{"line":33,"column":74}}]},"4":{"loc":{"start":{"line":36,"column":4},"end":{"line":36,"column":88}},"type":"if","locations":[{"start":{"line":36,"column":4},"end":{"line":36,"column":88}}]},"5":{"loc":{"start":{"line":46,"column":4},"end":{"line":46,"column":82}},"type":"if","locations":[{"start":{"line":46,"column":4},"end":{"line":46,"column":82}}]},"6":{"loc":{"start":{"line":49,"column":4},"end":{"line":49,"column":89}},"type":"if","locations":[{"start":{"line":49,"column":4},"end":{"line":49,"column":89}}]},"7":{"loc":{"start":{"line":59,"column":4},"end":{"line":59,"column":74}},"type":"if","locations":[{"start":{"line":59,"column":4},"end":{"line":59,"column":74}}]},"8":{"loc":{"start":{"line":63,"column":4},"end":{"line":63,"column":85}},"type":"if","locations":[{"start":{"line":63,"column":4},"end":{"line":63,"column":85}}]},"9":{"loc":{"start":{"line":66,"column":4},"end":{"line":66,"column":86}},"type":"if","locations":[{"start":{"line":66,"column":4},"end":{"line":66,"column":86}}]},"10":{"loc":{"start":{"line":77,"column":4},"end":{"line":77,"column":74}},"type":"if","locations":[{"start":{"line":77,"column":4},"end":{"line":77,"column":74}}]},"11":{"loc":{"start":{"line":80,"column":4},"end":{"line":80,"column":85}},"type":"if","locations":[{"start":{"line":80,"column":4},"end":{"line":80,"column":85}}]},"12":{"loc":{"start":{"line":83,"column":4},"end":{"line":83,"column":86}},"type":"if","locations":[{"start":{"line":83,"column":4},"end":{"line":83,"column":86}}]}},"s":{"0":0,"1":0,"2":0,"3":0,"4":0,"5":0,"6":0,"7":0,"8":0,"9":0,"10":0,"11":0,"12":0,"13":0,"14":0,"15":0,"16":0,"17":0,"18":0,"19":0,"20":0,"21":0,"22":0,"23":0,"24":0,"25":0,"26":0,"27":0,"28":0,"29":0,"30":0,"31":0,"32":0,"33":0,"34":0,"35":0,"36":0,"37":0,"38":0,"39":0,"40":0,"41":0,"42":0,"43":0,"44":0,"45":0,"46":0,"47":0,"48":0,"49":0,"50":0,"51":0,"52":0,"53":0,"54":0,"55":0,"56":0,"57":0,"58":0,"59":0,"60":0,"61":0,"62":0,"63":0,"64":0,"65":0,"66":0,"67":0,"68":0},"f":{"0":0,"1":0,"2":0,"3":0,"4":0,"5":0},"b":{"0":[0],"1":[0],"2":[0,0],"3":[0],"4":[0],"5":[0],"6":[0],"7":[0],"8":[0],"9":[0],"10":[0],"11":[0],"12":[0]}}
,"C:\\Software Devolpment Training\\Car Rental Db Express\\src\\reservation\\reservation.router.ts": {"path":"C:\\Software Devolpment Training\\Car Rental Db Express\\src\\reservation\\reservation.router.ts","statementMap":{"0":{"start":{"line":2,"column":0},"end":{"line":2,"column":219}},"1":{"start":{"line":3,"column":0},"end":{"line":3,"column":86}},"2":{"start":{"line":6,"column":20},"end":{"line":73,"column":1}},"3":{"start":{"line":7,"column":2},"end":{"line":16,"column":4}},"4":{"start":{"line":10,"column":6},"end":{"line":14,"column":7}},"5":{"start":{"line":11,"column":8},"end":{"line":11,"column":52}},"6":{"start":{"line":13,"column":8},"end":{"line":13,"column":20}},"7":{"start":{"line":18,"column":2},"end":{"line":27,"column":4}},"8":{"start":{"line":21,"column":6},"end":{"line":25,"column":7}},"9":{"start":{"line":22,"column":8},"end":{"line":22,"column":49}},"10":{"start":{"line":24,"column":8},"end":{"line":24,"column":20}},"11":{"start":{"line":30,"column":2},"end":{"line":39,"column":4}},"12":{"start":{"line":33,"column":6},"end":{"line":37,"column":7}},"13":{"start":{"line":34,"column":8},"end":{"line":34,"column":62}},"14":{"start":{"line":36,"column":8},"end":{"line":36,"column":20}},"15":{"start":{"line":41,"column":2},"end":{"line":50,"column":4}},"16":{"start":{"line":44,"column":6},"end":{"line":48,"column":7}},"17":{"start":{"line":45,"column":8},"end":{"line":45,"column":53}},"18":{"start":{"line":47,"column":8},"end":{"line":47,"column":20}},"19":{"start":{"line":52,"column":2},"end":{"line":61,"column":4}},"20":{"start":{"line":55,"column":6},"end":{"line":59,"column":7}},"21":{"start":{"line":56,"column":8},"end":{"line":56,"column":52}},"22":{"start":{"line":58,"column":8},"end":{"line":58,"column":20}},"23":{"start":{"line":63,"column":2},"end":{"line":72,"column":4}},"24":{"start":{"line":66,"column":6},"end":{"line":70,"column":7}},"25":{"start":{"line":67,"column":8},"end":{"line":67,"column":52}},"26":{"start":{"line":69,"column":8},"end":{"line":69,"column":20}},"27":{"start":{"line":75,"column":0},"end":{"line":75,"column":27}}},"fnMap":{"0":{"name":"(anonymous_0)","decl":{"start":{"line":6,"column":20},"end":{"line":6,"column":21}},"loc":{"start":{"line":6,"column":37},"end":{"line":73,"column":1}}},"1":{"name":"(anonymous_1)","decl":{"start":{"line":9,"column":4},"end":{"line":9,"column":9}},"loc":{"start":{"line":9,"column":29},"end":{"line":15,"column":5}}},"2":{"name":"(anonymous_2)","decl":{"start":{"line":20,"column":4},"end":{"line":20,"column":9}},"loc":{"start":{"line":20,"column":29},"end":{"line":26,"column":5}}},"3":{"name":"(anonymous_3)","decl":{"start":{"line":32,"column":4},"end":{"line":32,"column":9}},"loc":{"start":{"line":32,"column":29},"end":{"line":38,"column":5}}},"4":{"name":"(anonymous_4)","decl":{"start":{"line":43,"column":4},"end":{"line":43,"column":9}},"loc":{"start":{"line":43,"column":29},"end":{"line":49,"column":5}}},"5":{"name":"(anonymous_5)","decl":{"start":{"line":54,"column":4},"end":{"line":54,"column":9}},"loc":{"start":{"line":54,"column":29},"end":{"line":60,"column":5}}},"6":{"name":"(anonymous_6)","decl":{"start":{"line":65,"column":4},"end":{"line":65,"column":9}},"loc":{"start":{"line":65,"column":29},"end":{"line":71,"column":5}}}},"branchMap":{},"s":{"0":0,"1":0,"2":0,"3":0,"4":0,"5":0,"6":0,"7":0,"8":0,"9":0,"10":0,"11":0,"12":0,"13":0,"14":0,"15":0,"16":0,"17":0,"18":0,"19":0,"20":0,"21":0,"22":0,"23":0,"24":0,"25":0,"26":0,"27":0},"f":{"0":0,"1":0,"2":0,"3":0,"4":0,"5":0,"6":0},"b":{}}
,"C:\\Software Devolpment Training\\Car Rental Db Express\\src\\reservation\\reservation.service.ts": {"path":"C:\\Software Devolpment Training\\Car Rental Db Express\\src\\reservation\\reservation.service.ts","statementMap":{"0":{"start":{"line":1,"column":0},"end":{"line":1,"column":33}},"1":{"start":{"line":2,"column":0},"end":{"line":2,"column":31}},"2":{"start":{"line":3,"column":0},"end":{"line":3,"column":68}},"3":{"start":{"line":5,"column":40},"end":{"line":10,"column":1}},"4":{"start":{"line":8,"column":20},"end":{"line":8,"column":85}},"5":{"start":{"line":9,"column":2},"end":{"line":9,"column":17}},"6":{"start":{"line":5,"column":13},"end":{"line":5,"column":40}},"7":{"start":{"line":12,"column":37},"end":{"line":15,"column":1}},"8":{"start":{"line":13,"column":23},"end":{"line":13,"column":63}},"9":{"start":{"line":14,"column":2},"end":{"line":14,"column":22}},"10":{"start":{"line":12,"column":13},"end":{"line":12,"column":37}},"11":{"start":{"line":17,"column":41},"end":{"line":22,"column":1}},"12":{"start":{"line":18,"column":22},"end":{"line":20,"column":4}},"13":{"start":{"line":21,"column":2},"end":{"line":21,"column":21}},"14":{"start":{"line":17,"column":13},"end":{"line":17,"column":41}},"15":{"start":{"line":24,"column":50},"end":{"line":29,"column":1}},"16":{"start":{"line":25,"column":23},"end":{"line":27,"column":4}},"17":{"start":{"line":28,"column":2},"end":{"line":28,"column":22}},"18":{"start":{"line":24,"column":13},"end":{"line":24,"column":50}},"19":{"start":{"line":31,"column":40},"end":{"line":34,"column":1}},"20":{"start":{"line":32,"column":2},"end":{"line":32,"column":111}},"21":{"start":{"line":33,"column":2},"end":{"line":33,"column":44}},"22":{"start":{"line":31,"column":13},"end":{"line":31,"column":40}},"23":{"start":{"line":36,"column":40},"end":{"line":39,"column":1}},"24":{"start":{"line":37,"column":18},"end":{"line":37,"column":109}},"25":{"start":{"line":38,"column":2},"end":{"line":38,"column":20}},"26":{"start":{"line":36,"column":13},"end":{"line":36,"column":40}}},"fnMap":{"0":{"name":"(anonymous_1)","decl":{"start":{"line":5,"column":40},"end":{"line":5,"column":45}},"loc":{"start":{"line":5,"column":77},"end":{"line":10,"column":1}}},"1":{"name":"(anonymous_2)","decl":{"start":{"line":12,"column":37},"end":{"line":12,"column":42}},"loc":{"start":{"line":12,"column":48},"end":{"line":15,"column":1}}},"2":{"name":"(anonymous_3)","decl":{"start":{"line":17,"column":41},"end":{"line":17,"column":46}},"loc":{"start":{"line":17,"column":62},"end":{"line":22,"column":1}}},"3":{"name":"(anonymous_4)","decl":{"start":{"line":24,"column":50},"end":{"line":24,"column":55}},"loc":{"start":{"line":24,"column":79},"end":{"line":29,"column":1}}},"4":{"name":"(anonymous_5)","decl":{"start":{"line":31,"column":40},"end":{"line":31,"column":45}},"loc":{"start":{"line":31,"column":89},"end":{"line":34,"column":1}}},"5":{"name":"(anonymous_6)","decl":{"start":{"line":36,"column":40},"end":{"line":36,"column":45}},"loc":{"start":{"line":36,"column":61},"end":{"line":39,"column":1}}}},"branchMap":{},"s":{"0":0,"1":0,"2":0,"3":0,"4":0,"5":0,"6":0,"7":0,"8":0,"9":0,"10":0,"11":0,"12":0,"13":0,"14":0,"15":0,"16":0,"17":0,"18":0,"19":0,"20":0,"21":0,"22":0,"23":0,"24":0,"25":0,"26":0},"f":{"0":0,"1":0,"2":0,"3":0,"4":0,"5":0},"b":{}}
}
